#
# A fatal error has been detected by the Java Runtime Environment:
#
#  EXCEPTION_ACCESS_VIOLATION (0xc0000005) at pc=0x00007ffc16bc6be2, pid=10764, tid=12108
#
# JRE version: OpenJDK Runtime Environment (18.0.2+9) (build 18.0.2+9-61)
# Java VM: OpenJDK 64-Bit Server VM (18.0.2+9-61, mixed mode, sharing, tiered, compressed oops, compressed class ptrs, g1 gc, windows-amd64)
# Problematic frame:
# V  [jvm.dll+0x2f6be2]
#
# No core dump will be written. Minidumps are not enabled by default on client versions of Windows
#
# If you would like to submit a bug report, please visit:
#   https://bugreport.java.com/bugreport/crash.jsp
#

---------------  S U M M A R Y ------------

Command Line: --add-opens=java.base/java.util=ALL-UNNAMED --add-opens=java.base/java.lang=ALL-UNNAMED --add-opens=java.base/java.lang.invoke=ALL-UNNAMED --add-opens=java.prefs/java.util.prefs=ALL-UNNAMED --add-opens=java.base/java.nio.charset=ALL-UNNAMED --add-opens=java.base/java.net=ALL-UNNAMED --add-opens=java.base/java.util.concurrent.atomic=ALL-UNNAMED -XX:MaxMetaspaceSize=384m -XX:+HeapDumpOnOutOfMemoryError -Xms256m -Xmx512m -Dfile.encoding=UTF-8 -Duser.country=US -Duser.language=en -Duser.variant -javaagent:C:\Users\tkpc0\.gradle\wrapper\dists\gradle-8.4-bin\1w5dpkrfk8irigvoxmyhowfim\gradle-8.4\lib\agents\gradle-instrumentation-agent-8.4.jar org.gradle.launcher.daemon.bootstrap.GradleDaemon 8.4

Host: Intel(R) Core(TM) i7-9700K CPU @ 3.60GHz, 8 cores, 31G,  Windows 10 , 64 bit Build 19041 (10.0.19041.2364)
Time: Sun Jul 27 21:59:21 2025 China Standard Time elapsed time: 4.316523 seconds (0d 0h 0m 4s)

---------------  T H R E A D  ---------------

Current thread (0x000001a3465bb290):  WorkerThread "G1 Conc#0" [stack: 0x000000700f500000,0x000000700f600000] [id=12108]

Stack: [0x000000700f500000,0x000000700f600000],  sp=0x000000700f5ffca0,  free space=1023k
Native frames: (J=compiled Java code, j=interpreted, Vv=VM code, C=native code)
V  [jvm.dll+0x2f6be2]
V  [jvm.dll+0x3019b7]
V  [jvm.dll+0x308954]
V  [jvm.dll+0x820a44]
V  [jvm.dll+0x7a125a]
V  [jvm.dll+0x698275]
C  [ucrtbase.dll+0x21bb2]
C  [KERNEL32.DLL+0x17614]
C  [ntdll.dll+0x526a1]


siginfo: EXCEPTION_ACCESS_VIOLATION (0xc0000005), reading address 0x0000000000000077


Register to memory mapping:

RIP=0x00007ffc16bc6be2 jvm.dll
RAX=0x000001a3465a1980 points into unknown readable memory: 0x0000000000000000 | 00 00 00 00 00 00 00 00
RBX=0x00000000e2cc432c is pointing into object: sun.reflect.generics.reflectiveObjects.TypeVariableImpl 
{0x00000000e2cc4320} - klass: 'sun/reflect/generics/reflectiveObjects/TypeVariableImpl'
 - ---- fields (total size 4 words):
 - private final 'factory' 'Lsun/reflect/generics/factory/GenericsFactory;' @12  
[error occurred during error reporting (printing register info), id 0xc0000005, EXCEPTION_ACCESS_VIOLATION (0xc0000005) at pc=0x00007ffc16f55c7d]

Registers:
RAX=0x000001a3465a1980, RBX=0x00000000e2cc432c, RCX=0x0000000000000014, RDX=0x0000000000000001
RSP=0x000000700f5ffca0, RBP=0x0000000000000001, RSI=0x000001a3465b6050, RDI=0x0000000062cc3e98
R8 =0x0000000062cc3e98, R9 =0xffffffffffffffff, R10=0x0000000000000061, R11=0x0000000000000003
R12=0x0000000000000001, R13=0x00007ffc17391990, R14=0x0000000800c5b4d8, R15=0x00000000e2cc4320
RIP=0x00007ffc16bc6be2, EFLAGS=0x0000000000010203

Top of Stack: (sp=0x000000700f5ffca0)
0x000000700f5ffca0:   0000000000000002 00007ffc16bc6c11
0x000000700f5ffcb0:   00000000e2cc3998 00007ffc16bd1fa7
0x000000700f5ffcc0:   00000000e2cc433c 00007ffc16bd19b7
0x000000700f5ffcd0:   000000700f5ffd30 000000700f5ffd30
0x000000700f5ffce0:   0000000800c5b4d0 000001a3465b6100
0x000000700f5ffcf0:   000000700f4ff890 00000000e2d00000
0x000000700f5ffd00:   00000000e2cc4320 00007ffc16bd8954
0x000000700f5ffd10:   0000000000000004 0000000800c5b1c8
0x000000700f5ffd20:   000001a3465b6100 00000000e2bf6d40
0x000000700f5ffd30:   00007ffc171efe68 0000000000000000
0x000000700f5ffd40:   0000000000000003 000001a346599870
0x000000700f5ffd50:   000001a3465b6050 0000000000000001
0x000000700f5ffd60:   000001a3465bb290 0000000000000000
0x000000700f5ffd70:   0000000000000000 0000000000000000
0x000000700f5ffd80:   0000000000000000 00007ffc170f0a44
0x000000700f5ffd90:   000001a3465a1ca8 000001a3465bb290 

Instructions: (pc=0x00007ffc16bc6be2)
0x00007ffc16bc6ae2:   75 ee 32 db 48 8b 6c 24 38 0f b6 c3 48 8b 5c 24
0x00007ffc16bc6af2:   30 48 8b 74 24 40 48 83 c4 20 5f c3 80 3d 34 d0
0x00007ffc16bc6b02:   83 00 00 b3 01 74 15 8b 57 08 8b 0d 8e 8e 7c 00
0x00007ffc16bc6b12:   48 d3 e2 48 03 15 7c 8e 7c 00 eb 04 48 8b 57 08
0x00007ffc16bc6b22:   48 8b cf e8 b6 e3 ec ff 48 8b 8e 08 03 00 00 4c
0x00007ffc16bc6b32:   8b d8 4c 8b 0c e9 49 8b 51 18 8b 8a 48 02 00 00
0x00007ffc16bc6b42:   4c 8b 82 40 02 00 00 41 8b 51 60 49 d3 e0 8b 0d
0x00007ffc16bc6b52:   ea d9 83 00 49 2b f8 48 d3 ef 44 8b d7 49 23 d2
0x00007ffc16bc6b62:   48 c1 e2 04 49 03 51 40 8b 02 3b c7 74 2d 4c 8b
0x00007ffc16bc6b72:   42 08 4d 85 c0 74 0c 8b c8 49 8b 41 38 f0 4c 0f
0x00007ffc16bc6b82:   c1 04 c8 48 c7 42 08 00 00 00 00 44 89 12 49 ff
0x00007ffc16bc6b92:   41 58 4c 01 5a 08 e9 49 ff ff ff 49 ff 41 50 4c
0x00007ffc16bc6ba2:   01 5a 08 e9 3c ff ff ff cc cc cc cc cc cc 48 89
0x00007ffc16bc6bb2:   6c 24 10 48 89 74 24 18 57 48 83 ec 20 48 8b 41
0x00007ffc16bc6bc2:   08 48 8b f1 4d 8b c8 8b ea 49 8b f8 8b 88 48 02
0x00007ffc16bc6bd2:   00 00 48 8b 80 38 02 00 00 49 d3 e9 4e 8b 0c c8
0x00007ffc16bc6be2:   4d 3b 41 78 72 12 32 c0 48 8b 6c 24 38 48 8b 74
0x00007ffc16bc6bf2:   24 40 48 83 c4 20 5f c3 48 89 5c 24 30 48 8b d7
0x00007ffc16bc6c02:   48 8b 9e 98 00 00 00 48 8b cb 48 8b 03 ff 10 8b
0x00007ffc16bc6c12:   4b 18 48 8b d7 48 2b 53 08 48 8b 43 20 48 c1 ea
0x00007ffc16bc6c22:   03 48 d3 ea 48 8b ca 48 c1 e9 06 4c 8d 04 c8 0f
0x00007ffc16bc6c32:   b6 ca 49 8b 00 80 e1 3f ba 01 00 00 00 48 d3 e2
0x00007ffc16bc6c42:   48 8b c8 48 0b ca 48 3b c8 74 15 0f 1f 00 f0 49
0x00007ffc16bc6c52:   0f b1 08 74 25 48 8b c8 48 0b ca 48 3b c8 75 ee
0x00007ffc16bc6c62:   32 db 48 8b 6c 24 38 0f b6 c3 48 8b 5c 24 30 48
0x00007ffc16bc6c72:   8b 74 24 40 48 83 c4 20 5f c3 80 3d b6 ce 83 00
0x00007ffc16bc6c82:   00 b3 01 74 15 8b 57 08 8b 0d 10 8d 7c 00 48 d3
0x00007ffc16bc6c92:   e2 48 03 15 fe 8c 7c 00 eb 04 48 8b 57 08 48 8b
0x00007ffc16bc6ca2:   cf e8 38 e2 ec ff 48 8b 8e 08 03 00 00 4c 8b d8
0x00007ffc16bc6cb2:   4c 8b 0c e9 49 8b 51 18 8b 8a 48 02 00 00 4c 8b
0x00007ffc16bc6cc2:   82 40 02 00 00 41 8b 51 60 49 d3 e0 8b 0d 6c d8
0x00007ffc16bc6cd2:   83 00 49 2b f8 48 d3 ef 44 8b d7 49 23 d2 48 c1 


Stack slot to memory mapping:
stack at sp + 0 slots: 0x0000000000000002 is an unknown value
stack at sp + 1 slots: 0x00007ffc16bc6c11 jvm.dll
stack at sp + 2 slots: 0x00000000e2cc3998 is an oop: java.lang.ref.SoftReference 
{0x00000000e2cc3998} - klass: 'java/lang/ref/SoftReference'
 - ---- fields (total size 5 words):
 - private 'referent' 'Ljava/lang/Object;' @12  a 'java/lang/Class$ReflectionData'{0x00000000e2cc39c0} (e2cc39c0)
 - volatile 'queue' 'Ljava/lang/ref/ReferenceQueue;' @16  a 'java/lang/ref/ReferenceQueue$Null'{0x00000000e0787ea8} (e0787ea8)
 - volatile 'next' 'Ljava/lang/ref/Reference;' @20  NULL (0)
 - private transient 'discovered' 'Ljava/lang/ref/Reference;' @24  NULL (0)
 - private 'timestamp' 'J' @32  208537141 (c6e0635 0)
stack at sp + 3 slots: 0x00007ffc16bd1fa7 jvm.dll
stack at sp + 4 slots: 0x00000000e2cc433c is pointing into object: sun.reflect.generics.reflectiveObjects.TypeVariableImpl 
{0x00000000e2cc4320} - klass: 'sun/reflect/generics/reflectiveObjects/TypeVariableImpl'
 - ---- fields (total size 4 words):
 - private final 'factory' 'Lsun/reflect/generics/factory/GenericsFactory;' @12  
[error occurred during error reporting (inspecting top of stack), id 0xc0000005, EXCEPTION_ACCESS_VIOLATION (0xc0000005) at pc=0x00007ffc16f55c7d]


---------------  P R O C E S S  ---------------

Threads class SMR info:
_java_thread_list=0x000001a36aabaad0, length=56, elements={
0x000001a3465830d0, 0x000001a360eba540, 0x000001a360ebb0b0, 0x000001a360eccac0,
0x000001a360ecd370, 0x000001a360ecdc20, 0x000001a360ed24e0, 0x000001a360ed30c0,
0x000001a360ed6160, 0x000001a360ed8ba0, 0x000001a360eac440, 0x000001a365293e50,
0x000001a365333e70, 0x000001a365d7c090, 0x000001a366b828d0, 0x000001a366da0830,
0x000001a366af5110, 0x000001a366adc300, 0x000001a366d0b510, 0x000001a366d83be0,
0x000001a366aee270, 0x000001a366af08f0, 0x000001a366aee740, 0x000001a366aeff50,
0x000001a366aed8d0, 0x000001a366aefa80, 0x000001a366aef0e0, 0x000001a366af0420,
0x000001a3671d0d40, 0x000001a3671d0870, 0x000001a3671ceb90, 0x000001a3671cfa00,
0x000001a3671cdd20, 0x000001a3671d1210, 0x000001a3671d16e0, 0x000001a3671ce1f0,
0x000001a3671cf530, 0x000001a3671d03a0, 0x000001a3676753c0, 0x000001a36767af30,
0x000001a367676bd0, 0x000001a3676736e0, 0x000001a367679250, 0x000001a367675d60,
0x000001a367679720, 0x000001a367677570, 0x000001a367676700, 0x000001a367674a20,
0x000001a3676788b0, 0x000001a36767a590, 0x000001a367676230, 0x000001a367677f10,
0x000001a3676770a0, 0x000001a3676783e0, 0x000001a36767aa60, 0x000001a367679bf0
}

Java Threads: ( => current thread )
  0x000001a3465830d0 JavaThread "main" [_thread_blocked, id=23628, stack(0x000000700f200000,0x000000700f300000)]
  0x000001a360eba540 JavaThread "Reference Handler" daemon [_thread_blocked, id=14456, stack(0x000000700f900000,0x000000700fa00000)]
  0x000001a360ebb0b0 JavaThread "Finalizer" daemon [_thread_blocked, id=18868, stack(0x000000700fa00000,0x000000700fb00000)]
  0x000001a360eccac0 JavaThread "Signal Dispatcher" daemon [_thread_blocked, id=24236, stack(0x000000700fb00000,0x000000700fc00000)]
  0x000001a360ecd370 JavaThread "Attach Listener" daemon [_thread_blocked, id=12768, stack(0x000000700fc00000,0x000000700fd00000)]
  0x000001a360ecdc20 JavaThread "Service Thread" daemon [_thread_blocked, id=21984, stack(0x000000700fd00000,0x000000700fe00000)]
  0x000001a360ed24e0 JavaThread "Monitor Deflation Thread" daemon [_thread_blocked, id=16688, stack(0x000000700fe00000,0x000000700ff00000)]
  0x000001a360ed30c0 JavaThread "C2 CompilerThread0" daemon [_thread_in_native, id=23216, stack(0x000000700ff00000,0x0000007010000000)]
  0x000001a360ed6160 JavaThread "C1 CompilerThread0" daemon [_thread_blocked, id=13760, stack(0x0000007010000000,0x0000007010100000)]
  0x000001a360ed8ba0 JavaThread "Sweeper thread" daemon [_thread_blocked, id=23328, stack(0x0000007010100000,0x0000007010200000)]
  0x000001a360eac440 JavaThread "Common-Cleaner" daemon [_thread_blocked, id=840, stack(0x0000007010200000,0x0000007010300000)]
  0x000001a365293e50 JavaThread "Notification Thread" daemon [_thread_blocked, id=5216, stack(0x0000007010300000,0x0000007010400000)]
  0x000001a365333e70 JavaThread "C2 CompilerThread1" daemon [_thread_blocked, id=15252, stack(0x0000007010500000,0x0000007010600000)]
  0x000001a365d7c090 JavaThread "Daemon health stats" [_thread_blocked, id=22732, stack(0x0000007010b00000,0x0000007010c00000)]
  0x000001a366b828d0 JavaThread "Incoming local TCP Connector on port 63929" [_thread_in_native, id=4660, stack(0x0000007010c00000,0x0000007010d00000)]
  0x000001a366da0830 JavaThread "Daemon periodic checks" [_thread_blocked, id=7424, stack(0x0000007010d00000,0x0000007010e00000)]
  0x000001a366af5110 JavaThread "Daemon" [_thread_blocked, id=5636, stack(0x0000007010e00000,0x0000007010f00000)]
  0x000001a366adc300 JavaThread "Handler for socket connection from /127.0.0.1:63929 to /127.0.0.1:63930" [_thread_in_native, id=18504, stack(0x0000007010f00000,0x0000007011000000)]
  0x000001a366d0b510 JavaThread "Cancel handler" [_thread_blocked, id=2076, stack(0x0000007011000000,0x0000007011100000)]
  0x000001a366d83be0 JavaThread "Daemon worker" [_thread_in_Java, id=12996, stack(0x0000007011100000,0x0000007011200000)]
  0x000001a366aee270 JavaThread "Asynchronous log dispatcher for DefaultDaemonConnection: socket connection from /127.0.0.1:63929 to /127.0.0.1:63930" [_thread_blocked, id=17924, stack(0x0000007011200000,0x0000007011300000)]
  0x000001a366af08f0 JavaThread "Stdin handler" [_thread_blocked, id=9064, stack(0x0000007011300000,0x0000007011400000)]
  0x000001a366aee740 JavaThread "Daemon client event forwarder" [_thread_blocked, id=10844, stack(0x0000007011400000,0x0000007011500000)]
  0x000001a366aeff50 JavaThread "Cache worker for journal cache (C:\Users\tkpc0\.gradle\caches\journal-1)" [_thread_blocked, id=11324, stack(0x0000007011500000,0x0000007011600000)]
  0x000001a366aed8d0 JavaThread "File lock request listener" [_thread_in_native, id=24008, stack(0x0000007011600000,0x0000007011700000)]
  0x000001a366aefa80 JavaThread "Cache worker for file hash cache (C:\Users\tkpc0\.gradle\caches\8.4\fileHashes)" [_thread_blocked, id=24548, stack(0x0000007011700000,0x0000007011800000)]
  0x000001a366aef0e0 JavaThread "File watcher server" daemon [_thread_in_native, id=1628, stack(0x0000007011900000,0x0000007011a00000)]
  0x000001a366af0420 JavaThread "File watcher consumer" daemon [_thread_blocked, id=10708, stack(0x0000007011a00000,0x0000007011b00000)]
  0x000001a3671d0d40 JavaThread "Cache worker for checksums cache (C:\data\dev\tactx-api\.gradle\8.4\checksums)" [_thread_blocked, id=1424, stack(0x0000007011e00000,0x0000007011f00000)]
  0x000001a3671d0870 JavaThread "Cache worker for file hash cache (C:\data\dev\tactx-api\.gradle\8.4\fileHashes)" [_thread_blocked, id=17036, stack(0x0000007011f00000,0x0000007012000000)]
  0x000001a3671ceb90 JavaThread "Cache worker for cache directory md-supplier (C:\Users\tkpc0\.gradle\caches\8.4\md-supplier)" [_thread_blocked, id=9896, stack(0x0000007012000000,0x0000007012100000)]
  0x000001a3671cfa00 JavaThread "Cache worker for file content cache (C:\Users\tkpc0\.gradle\caches\8.4\fileContent)" [_thread_blocked, id=11040, stack(0x0000007012100000,0x0000007012200000)]
  0x000001a3671cdd20 JavaThread "Cache worker for cache directory md-rule (C:\Users\tkpc0\.gradle\caches\8.4\md-rule)" [_thread_blocked, id=14604, stack(0x0000007012200000,0x0000007012300000)]
  0x000001a3671d1210 JavaThread "Cache worker for execution history cache (C:\Users\tkpc0\.gradle\caches\8.4\executionHistory)" [_thread_blocked, id=20108, stack(0x0000007012300000,0x0000007012400000)]
  0x000001a3671d16e0 JavaThread "jar transforms" [_thread_blocked, id=4840, stack(0x0000007012400000,0x0000007012500000)]
  0x000001a3671ce1f0 JavaThread "jar transforms Thread 2" [_thread_blocked, id=76, stack(0x0000007012500000,0x0000007012600000)]
  0x000001a3671cf530 JavaThread "jar transforms Thread 3" [_thread_blocked, id=20452, stack(0x0000007012600000,0x0000007012700000)]
  0x000001a3671d03a0 JavaThread "jar transforms Thread 4" [_thread_blocked, id=16972, stack(0x0000007012800000,0x0000007012900000)]
  0x000001a3676753c0 JavaThread "jar transforms Thread 5" [_thread_blocked, id=14972, stack(0x0000007012900000,0x0000007012a00000)]
  0x000001a36767af30 JavaThread "jar transforms Thread 6" [_thread_blocked, id=10564, stack(0x0000007012a00000,0x0000007012b00000)]
  0x000001a367676bd0 JavaThread "jar transforms Thread 7" [_thread_blocked, id=7004, stack(0x0000007012b00000,0x0000007012c00000)]
  0x000001a3676736e0 JavaThread "jar transforms Thread 8" [_thread_blocked, id=11764, stack(0x0000007012c00000,0x0000007012d00000)]
  0x000001a367679250 JavaThread "Cache worker for kotlin-dsl (C:\Users\tkpc0\.gradle\caches\8.4\kotlin-dsl)" [_thread_blocked, id=21360, stack(0x0000007012d00000,0x0000007012e00000)]
  0x000001a367675d60 JavaThread "Unconstrained build operations" [_thread_blocked, id=17864, stack(0x0000007012e00000,0x0000007012f00000)]
  0x000001a367679720 JavaThread "Unconstrained build operations Thread 2" [_thread_blocked, id=22504, stack(0x0000007012f00000,0x0000007013000000)]
  0x000001a367677570 JavaThread "Cache worker for dependencies-accessors (C:\data\dev\tactx-api\.gradle\8.4\dependencies-accessors)" [_thread_blocked, id=9428, stack(0x0000007013000000,0x0000007013100000)]
  0x000001a367676700 JavaThread "Cache worker for Build Output Cleanup Cache (C:\data\dev\tactx-api\.gradle\buildOutputCleanup)" [_thread_blocked, id=5588, stack(0x0000007013100000,0x0000007013200000)]
  0x000001a367674a20 JavaThread "Unconstrained build operations Thread 3" [_thread_blocked, id=9784, stack(0x0000007013200000,0x0000007013300000)]
  0x000001a3676788b0 JavaThread "Unconstrained build operations Thread 4" [_thread_blocked, id=17452, stack(0x0000007013300000,0x0000007013400000)]
  0x000001a36767a590 JavaThread "Unconstrained build operations Thread 5" [_thread_blocked, id=1400, stack(0x0000007013400000,0x0000007013500000)]
  0x000001a367676230 JavaThread "Unconstrained build operations Thread 6" [_thread_blocked, id=10208, stack(0x0000007013500000,0x0000007013600000)]
  0x000001a367677f10 JavaThread "Unconstrained build operations Thread 7" [_thread_blocked, id=7884, stack(0x0000007013600000,0x0000007013700000)]
  0x000001a3676770a0 JavaThread "Unconstrained build operations Thread 8" [_thread_blocked, id=3432, stack(0x0000007013700000,0x0000007013800000)]
  0x000001a3676783e0 JavaThread "Unconstrained build operations Thread 9" [_thread_blocked, id=20000, stack(0x0000007013800000,0x0000007013900000)]
  0x000001a36767aa60 JavaThread "build event listener" [_thread_blocked, id=608, stack(0x0000007013900000,0x0000007013a00000)]
  0x000001a367679bf0 JavaThread "Memory manager" [_thread_blocked, id=20648, stack(0x0000007011800000,0x0000007011900000)]

Other Threads:
  0x000001a360eb6ff0 VMThread "VM Thread" [stack: 0x000000700f800000,0x000000700f900000] [id=19840]
  0x000001a3652a4720 WatcherThread "VM Periodic Task Thread" [stack: 0x0000007010400000,0x0000007010500000] [id=14772]
  0x000001a3465b5b50 WorkerThread "GC Thread#0" [stack: 0x000000700f300000,0x000000700f400000] [id=6740]
  0x000001a365474c90 WorkerThread "GC Thread#1" [stack: 0x0000007010600000,0x0000007010700000] [id=16496]
  0x000001a3654773a0 WorkerThread "GC Thread#2" [stack: 0x0000007010700000,0x0000007010800000] [id=8704]
  0x000001a365477640 WorkerThread "GC Thread#3" [stack: 0x0000007010800000,0x0000007010900000] [id=13096]
  0x000001a365cc7010 WorkerThread "GC Thread#4" [stack: 0x0000007010900000,0x0000007010a00000] [id=9708]
  0x000001a365cc7ac0 WorkerThread "GC Thread#5" [stack: 0x0000007010a00000,0x0000007010b00000] [id=2156]
  0x000001a368f859b0 WorkerThread "GC Thread#6" [stack: 0x0000007011b00000,0x0000007011c00000] [id=22832]
  0x000001a3688842e0 WorkerThread "GC Thread#7" [stack: 0x0000007011c00000,0x0000007011d00000] [id=15684]
  0x000001a3465ba990 ConcurrentGCThread "G1 Main Marker" [stack: 0x000000700f400000,0x000000700f500000] [id=9144]
=>0x000001a3465bb290 WorkerThread "G1 Conc#0" [stack: 0x000000700f500000,0x000000700f600000] [id=12108]
  0x000001a36702ccf0 WorkerThread "G1 Conc#1" [stack: 0x0000007011d00000,0x0000007011e00000] [id=24224]
  0x000001a3466391f0 ConcurrentGCThread "G1 Refine#0" [stack: 0x000000700f600000,0x000000700f700000] [id=9792]
  0x000001a36a0449a0 ConcurrentGCThread "G1 Refine#1" [stack: 0x0000007012700000,0x0000007012800000] [id=23636]
  0x000001a346639a10 ConcurrentGCThread "G1 Service" [stack: 0x000000700f700000,0x000000700f800000] [id=15560]

Threads with active compile tasks:
C2 CompilerThread0     4328 6195   !   4       java.util.concurrent.ConcurrentHashMap::putVal (432 bytes)

VM state: not at safepoint (normal execution)

VM Mutex/Monitor currently owned by a thread: None

Heap address: 0x00000000e0000000, size: 512 MB, Compressed Oops mode: 32-bit

CDS archive(s) mapped at: [0x0000000800000000-0x0000000800ba0000-0x0000000800ba0000), size 12189696, SharedBaseAddress: 0x0000000800000000, ArchiveRelocationMode: 0.
Compressed class space mapped at: 0x0000000800c00000-0x0000000814000000, reserved size: 322961408
Narrow klass base: 0x0000000800000000, Narrow klass shift: 0, Narrow klass range: 0x100000000

GC Precious Log:
 CardTable entry size: 512
 Card Set container configuration: InlinePtr #cards 5 size 8 Array Of Cards #cards 12 size 40 Howl #buckets 4 coarsen threshold 1843 Howl Bitmap #cards 512 size 80 coarsen threshold 460 Card regions per heap region 1 cards per card region 2048
 CPUs: 8 total, 8 available
 Memory: 32687M
 Large Page Support: Disabled
 NUMA Support: Disabled
 Compressed Oops: Enabled (32-bit)
 Heap Region Size: 1M
 Heap Min Capacity: 256M
 Heap Initial Capacity: 256M
 Heap Max Capacity: 512M
 Pre-touch: Disabled
 Parallel Workers: 8
 Concurrent Workers: 2
 Concurrent Refinement Workers: 8
 Periodic GC: Disabled

Heap:
 garbage-first heap   total 262144K, used 60316K [0x00000000e0000000, 0x0000000100000000)
  region size 1024K, 9 young (9216K), 6 survivors (6144K)
 Metaspace       used 58473K, committed 60352K, reserved 380928K
  class space    used 8315K, committed 9280K, reserved 315392K

Heap Regions: E=young(eden), S=young(survivor), O=old, HS=humongous(starts), HC=humongous(continues), CS=collection set, F=free, OA=open archive, CA=closed archive, TAMS=top-at-mark-start (previous, next)
|   0|0x00000000e0000000, 0x00000000e0100000, 0x00000000e0100000|100%|HS|  |TAMS 0x00000000e0100000, 0x00000000e0100000| Complete 
|   1|0x00000000e0100000, 0x00000000e0200000, 0x00000000e0200000|100%|HC|  |TAMS 0x00000000e0200000, 0x00000000e0200000| Complete 
|   2|0x00000000e0200000, 0x00000000e0300000, 0x00000000e0300000|100%|HC|  |TAMS 0x00000000e0300000, 0x00000000e0300000| Complete 
|   3|0x00000000e0300000, 0x00000000e0400000, 0x00000000e0400000|100%|HC|  |TAMS 0x00000000e0400000, 0x00000000e0400000| Complete 
|   4|0x00000000e0400000, 0x00000000e0500000, 0x00000000e0500000|100%| O|  |TAMS 0x00000000e0500000, 0x00000000e0500000| Untracked 
|   5|0x00000000e0500000, 0x00000000e0600000, 0x00000000e0600000|100%| O|  |TAMS 0x00000000e0600000, 0x00000000e0600000| Untracked 
|   6|0x00000000e0600000, 0x00000000e0700000, 0x00000000e0700000|100%| O|  |TAMS 0x00000000e0700000, 0x00000000e0700000| Untracked 
|   7|0x00000000e0700000, 0x00000000e0800000, 0x00000000e0800000|100%| O|  |TAMS 0x00000000e0800000, 0x00000000e0800000| Untracked 
|   8|0x00000000e0800000, 0x00000000e0900000, 0x00000000e0900000|100%| O|  |TAMS 0x00000000e0900000, 0x00000000e0900000| Untracked 
|   9|0x00000000e0900000, 0x00000000e0a00000, 0x00000000e0a00000|100%| O|  |TAMS 0x00000000e0a00000, 0x00000000e0a00000| Untracked 
|  10|0x00000000e0a00000, 0x00000000e0b00000, 0x00000000e0b00000|100%| O|  |TAMS 0x00000000e0a09c00, 0x00000000e0b00000| Untracked 
|  11|0x00000000e0b00000, 0x00000000e0c00000, 0x00000000e0c00000|100%| O|  |TAMS 0x00000000e0b00000, 0x00000000e0b00000| Untracked 
|  12|0x00000000e0c00000, 0x00000000e0d00000, 0x00000000e0d00000|100%| O|  |TAMS 0x00000000e0c00000, 0x00000000e0c00000| Untracked 
|  13|0x00000000e0d00000, 0x00000000e0e00000, 0x00000000e0e00000|100%|HS|  |TAMS 0x00000000e0d00000, 0x00000000e0e00000| Complete 
|  14|0x00000000e0e00000, 0x00000000e0f00000, 0x00000000e0f00000|100%|HC|  |TAMS 0x00000000e0e00000, 0x00000000e0f00000| Complete 
|  15|0x00000000e0f00000, 0x00000000e1000000, 0x00000000e1000000|100%| O|  |TAMS 0x00000000e0f00000, 0x00000000e0f00000| Untracked 
|  16|0x00000000e1000000, 0x00000000e1100000, 0x00000000e1100000|100%| O|  |TAMS 0x00000000e1000000, 0x00000000e1100000| Untracked 
|  17|0x00000000e1100000, 0x00000000e1200000, 0x00000000e1200000|100%| O|  |TAMS 0x00000000e1100000, 0x00000000e1200000| Untracked 
|  18|0x00000000e1200000, 0x00000000e1300000, 0x00000000e1300000|100%| O|  |TAMS 0x00000000e1200000, 0x00000000e1300000| Untracked 
|  19|0x00000000e1300000, 0x00000000e1400000, 0x00000000e1400000|100%| O|  |TAMS 0x00000000e1300000, 0x00000000e1400000| Untracked 
|  20|0x00000000e1400000, 0x00000000e1500000, 0x00000000e1500000|100%| O|  |TAMS 0x00000000e1400000, 0x00000000e1500000| Untracked 
|  21|0x00000000e1500000, 0x00000000e1600000, 0x00000000e1600000|100%| O|  |TAMS 0x00000000e1500000, 0x00000000e1600000| Untracked 
|  22|0x00000000e1600000, 0x00000000e1700000, 0x00000000e1700000|100%| O|  |TAMS 0x00000000e1600000, 0x00000000e1700000| Untracked 
|  23|0x00000000e1700000, 0x00000000e1800000, 0x00000000e1800000|100%| O|  |TAMS 0x00000000e1700000, 0x00000000e1800000| Untracked 
|  24|0x00000000e1800000, 0x00000000e1900000, 0x00000000e1900000|100%| O|  |TAMS 0x00000000e1800000, 0x00000000e1900000| Untracked 
|  25|0x00000000e1900000, 0x00000000e1a00000, 0x00000000e1a00000|100%| O|  |TAMS 0x00000000e1900000, 0x00000000e1a00000| Untracked 
|  26|0x00000000e1a00000, 0x00000000e1b00000, 0x00000000e1b00000|100%| O|  |TAMS 0x00000000e1a00000, 0x00000000e1a66e00| Untracked 
|  27|0x00000000e1b00000, 0x00000000e1c00000, 0x00000000e1c00000|100%|HS|  |TAMS 0x00000000e1b00000, 0x00000000e1c00000| Complete 
|  28|0x00000000e1c00000, 0x00000000e1d00000, 0x00000000e1d00000|100%|HC|  |TAMS 0x00000000e1c00000, 0x00000000e1d00000| Complete 
|  29|0x00000000e1d00000, 0x00000000e1e00000, 0x00000000e1e00000|100%|HS|  |TAMS 0x00000000e1d00000, 0x00000000e1e00000| Complete 
|  30|0x00000000e1e00000, 0x00000000e1f00000, 0x00000000e1f00000|100%|HC|  |TAMS 0x00000000e1e00000, 0x00000000e1f00000| Complete 
|  31|0x00000000e1f00000, 0x00000000e2000000, 0x00000000e2000000|100%|HC|  |TAMS 0x00000000e1f00000, 0x00000000e2000000| Complete 
|  32|0x00000000e2000000, 0x00000000e2100000, 0x00000000e2100000|100%|HC|  |TAMS 0x00000000e2000000, 0x00000000e2100000| Complete 
|  33|0x00000000e2100000, 0x00000000e2200000, 0x00000000e2200000|100%|HS|  |TAMS 0x00000000e2100000, 0x00000000e2200000| Complete 
|  34|0x00000000e2200000, 0x00000000e2300000, 0x00000000e2300000|100%|HC|  |TAMS 0x00000000e2200000, 0x00000000e2300000| Complete 
|  35|0x00000000e2300000, 0x00000000e2400000, 0x00000000e2400000|100%|HC|  |TAMS 0x00000000e2300000, 0x00000000e2400000| Complete 
|  36|0x00000000e2400000, 0x00000000e2500000, 0x00000000e2500000|100%|HC|  |TAMS 0x00000000e2400000, 0x00000000e2500000| Complete 
|  37|0x00000000e2500000, 0x00000000e2600000, 0x00000000e2600000|100%| O|  |TAMS 0x00000000e2500000, 0x00000000e2500000| Untracked 
|  38|0x00000000e2600000, 0x00000000e2700000, 0x00000000e2700000|100%| O|  |TAMS 0x00000000e2600000, 0x00000000e2600000| Untracked 
|  39|0x00000000e2700000, 0x00000000e2800000, 0x00000000e2800000|100%| O|  |TAMS 0x00000000e2700000, 0x00000000e2700000| Untracked 
|  40|0x00000000e2800000, 0x00000000e2900000, 0x00000000e2900000|100%| O|  |TAMS 0x00000000e2800000, 0x00000000e2800000| Untracked 
|  41|0x00000000e2900000, 0x00000000e2a00000, 0x00000000e2a00000|100%| O|  |TAMS 0x00000000e2900000, 0x00000000e2900000| Untracked 
|  42|0x00000000e2a00000, 0x00000000e2b00000, 0x00000000e2b00000|100%| O|  |TAMS 0x00000000e2a00000, 0x00000000e2a00000| Untracked 
|  43|0x00000000e2b00000, 0x00000000e2c00000, 0x00000000e2c00000|100%| O|  |TAMS 0x00000000e2b00000, 0x00000000e2b00000| Untracked 
|  44|0x00000000e2c00000, 0x00000000e2d00000, 0x00000000e2d00000|100%| O|  |TAMS 0x00000000e2c00000, 0x00000000e2c00000| Untracked 
|  45|0x00000000e2d00000, 0x00000000e2e00000, 0x00000000e2e00000|100%| O|  |TAMS 0x00000000e2d00000, 0x00000000e2d00000| Untracked 
|  46|0x00000000e2e00000, 0x00000000e2f00000, 0x00000000e2f00000|100%| O|  |TAMS 0x00000000e2e00000, 0x00000000e2e00000| Untracked 
|  47|0x00000000e2f00000, 0x00000000e3000000, 0x00000000e3000000|100%| O|  |TAMS 0x00000000e2f00000, 0x00000000e2f00000| Untracked 
|  48|0x00000000e3000000, 0x00000000e3100000, 0x00000000e3100000|100%| O|  |TAMS 0x00000000e3000000, 0x00000000e3000000| Untracked 
|  49|0x00000000e3100000, 0x00000000e3200000, 0x00000000e3200000|100%| O|  |TAMS 0x00000000e3100000, 0x00000000e3100000| Untracked 
|  50|0x00000000e3200000, 0x00000000e3300000, 0x00000000e3300000|100%| O|  |TAMS 0x00000000e3200000, 0x00000000e3200000| Untracked 
|  51|0x00000000e3300000, 0x00000000e338d400, 0x00000000e3400000| 55%| O|  |TAMS 0x00000000e3300000, 0x00000000e3300000| Untracked 
|  52|0x00000000e3400000, 0x00000000e3400000, 0x00000000e3500000|  0%| F|  |TAMS 0x00000000e3400000, 0x00000000e3400000| Untracked 
|  53|0x00000000e3500000, 0x00000000e3500000, 0x00000000e3600000|  0%| F|  |TAMS 0x00000000e3500000, 0x00000000e3500000| Untracked 
|  54|0x00000000e3600000, 0x00000000e3600000, 0x00000000e3700000|  0%| F|  |TAMS 0x00000000e3600000, 0x00000000e3600000| Untracked 
|  55|0x00000000e3700000, 0x00000000e3700000, 0x00000000e3800000|  0%| F|  |TAMS 0x00000000e3700000, 0x00000000e3700000| Untracked 
|  56|0x00000000e3800000, 0x00000000e3800000, 0x00000000e3900000|  0%| F|  |TAMS 0x00000000e3800000, 0x00000000e3800000| Untracked 
|  57|0x00000000e3900000, 0x00000000e3900000, 0x00000000e3a00000|  0%| F|  |TAMS 0x00000000e3900000, 0x00000000e3900000| Untracked 
|  58|0x00000000e3a00000, 0x00000000e3a00000, 0x00000000e3b00000|  0%| F|  |TAMS 0x00000000e3a00000, 0x00000000e3a00000| Untracked 
|  59|0x00000000e3b00000, 0x00000000e3b00000, 0x00000000e3c00000|  0%| F|  |TAMS 0x00000000e3b00000, 0x00000000e3b00000| Untracked 
|  60|0x00000000e3c00000, 0x00000000e3c00000, 0x00000000e3d00000|  0%| F|  |TAMS 0x00000000e3c00000, 0x00000000e3c00000| Untracked 
|  61|0x00000000e3d00000, 0x00000000e3d00000, 0x00000000e3e00000|  0%| F|  |TAMS 0x00000000e3d00000, 0x00000000e3d00000| Untracked 
|  62|0x00000000e3e00000, 0x00000000e3e00000, 0x00000000e3f00000|  0%| F|  |TAMS 0x00000000e3e00000, 0x00000000e3e00000| Untracked 
|  63|0x00000000e3f00000, 0x00000000e3f00000, 0x00000000e4000000|  0%| F|  |TAMS 0x00000000e3f00000, 0x00000000e3f00000| Untracked 
|  64|0x00000000e4000000, 0x00000000e4000000, 0x00000000e4100000|  0%| F|  |TAMS 0x00000000e4000000, 0x00000000e4000000| Untracked 
|  65|0x00000000e4100000, 0x00000000e4100000, 0x00000000e4200000|  0%| F|  |TAMS 0x00000000e4100000, 0x00000000e4100000| Untracked 
|  66|0x00000000e4200000, 0x00000000e4200000, 0x00000000e4300000|  0%| F|  |TAMS 0x00000000e4200000, 0x00000000e4200000| Untracked 
|  67|0x00000000e4300000, 0x00000000e4300000, 0x00000000e4400000|  0%| F|  |TAMS 0x00000000e4300000, 0x00000000e4300000| Untracked 
|  68|0x00000000e4400000, 0x00000000e4400000, 0x00000000e4500000|  0%| F|  |TAMS 0x00000000e4400000, 0x00000000e4400000| Untracked 
|  69|0x00000000e4500000, 0x00000000e4500000, 0x00000000e4600000|  0%| F|  |TAMS 0x00000000e4500000, 0x00000000e4500000| Untracked 
|  70|0x00000000e4600000, 0x00000000e4600000, 0x00000000e4700000|  0%| F|  |TAMS 0x00000000e4600000, 0x00000000e4600000| Untracked 
|  71|0x00000000e4700000, 0x00000000e4700000, 0x00000000e4800000|  0%| F|  |TAMS 0x00000000e4700000, 0x00000000e4700000| Untracked 
|  72|0x00000000e4800000, 0x00000000e4800000, 0x00000000e4900000|  0%| F|  |TAMS 0x00000000e4800000, 0x00000000e4800000| Untracked 
|  73|0x00000000e4900000, 0x00000000e4900000, 0x00000000e4a00000|  0%| F|  |TAMS 0x00000000e4900000, 0x00000000e4900000| Untracked 
|  74|0x00000000e4a00000, 0x00000000e4a00000, 0x00000000e4b00000|  0%| F|  |TAMS 0x00000000e4a00000, 0x00000000e4a00000| Untracked 
|  75|0x00000000e4b00000, 0x00000000e4b00000, 0x00000000e4c00000|  0%| F|  |TAMS 0x00000000e4b00000, 0x00000000e4b00000| Untracked 
|  76|0x00000000e4c00000, 0x00000000e4c00000, 0x00000000e4d00000|  0%| F|  |TAMS 0x00000000e4c00000, 0x00000000e4c00000| Untracked 
|  77|0x00000000e4d00000, 0x00000000e4d00000, 0x00000000e4e00000|  0%| F|  |TAMS 0x00000000e4d00000, 0x00000000e4d00000| Untracked 
|  78|0x00000000e4e00000, 0x00000000e4e00000, 0x00000000e4f00000|  0%| F|  |TAMS 0x00000000e4e00000, 0x00000000e4e00000| Untracked 
|  79|0x00000000e4f00000, 0x00000000e4f00000, 0x00000000e5000000|  0%| F|  |TAMS 0x00000000e4f00000, 0x00000000e4f00000| Untracked 
|  80|0x00000000e5000000, 0x00000000e5000000, 0x00000000e5100000|  0%| F|  |TAMS 0x00000000e5000000, 0x00000000e5000000| Untracked 
|  81|0x00000000e5100000, 0x00000000e5100000, 0x00000000e5200000|  0%| F|  |TAMS 0x00000000e5100000, 0x00000000e5100000| Untracked 
|  82|0x00000000e5200000, 0x00000000e5200000, 0x00000000e5300000|  0%| F|  |TAMS 0x00000000e5200000, 0x00000000e5200000| Untracked 
|  83|0x00000000e5300000, 0x00000000e5300000, 0x00000000e5400000|  0%| F|  |TAMS 0x00000000e5300000, 0x00000000e5300000| Untracked 
|  84|0x00000000e5400000, 0x00000000e5400000, 0x00000000e5500000|  0%| F|  |TAMS 0x00000000e5400000, 0x00000000e5400000| Untracked 
|  85|0x00000000e5500000, 0x00000000e5500000, 0x00000000e5600000|  0%| F|  |TAMS 0x00000000e5500000, 0x00000000e5500000| Untracked 
|  86|0x00000000e5600000, 0x00000000e5600000, 0x00000000e5700000|  0%| F|  |TAMS 0x00000000e5600000, 0x00000000e5600000| Untracked 
|  87|0x00000000e5700000, 0x00000000e5700000, 0x00000000e5800000|  0%| F|  |TAMS 0x00000000e5700000, 0x00000000e5700000| Untracked 
|  88|0x00000000e5800000, 0x00000000e5800000, 0x00000000e5900000|  0%| F|  |TAMS 0x00000000e5800000, 0x00000000e5800000| Untracked 
|  89|0x00000000e5900000, 0x00000000e5900000, 0x00000000e5a00000|  0%| F|  |TAMS 0x00000000e5900000, 0x00000000e5900000| Untracked 
|  90|0x00000000e5a00000, 0x00000000e5a00000, 0x00000000e5b00000|  0%| F|  |TAMS 0x00000000e5a00000, 0x00000000e5a00000| Untracked 
|  91|0x00000000e5b00000, 0x00000000e5b00000, 0x00000000e5c00000|  0%| F|  |TAMS 0x00000000e5b00000, 0x00000000e5b00000| Untracked 
|  92|0x00000000e5c00000, 0x00000000e5c00000, 0x00000000e5d00000|  0%| F|  |TAMS 0x00000000e5c00000, 0x00000000e5c00000| Untracked 
|  93|0x00000000e5d00000, 0x00000000e5d00000, 0x00000000e5e00000|  0%| F|  |TAMS 0x00000000e5d00000, 0x00000000e5d00000| Untracked 
|  94|0x00000000e5e00000, 0x00000000e5e00000, 0x00000000e5f00000|  0%| F|  |TAMS 0x00000000e5e00000, 0x00000000e5e00000| Untracked 
|  95|0x00000000e5f00000, 0x00000000e5f00000, 0x00000000e6000000|  0%| F|  |TAMS 0x00000000e5f00000, 0x00000000e5f00000| Untracked 
|  96|0x00000000e6000000, 0x00000000e6000000, 0x00000000e6100000|  0%| F|  |TAMS 0x00000000e6000000, 0x00000000e6000000| Untracked 
|  97|0x00000000e6100000, 0x00000000e6100000, 0x00000000e6200000|  0%| F|  |TAMS 0x00000000e6100000, 0x00000000e6100000| Untracked 
|  98|0x00000000e6200000, 0x00000000e6200000, 0x00000000e6300000|  0%| F|  |TAMS 0x00000000e6200000, 0x00000000e6200000| Untracked 
|  99|0x00000000e6300000, 0x00000000e6300000, 0x00000000e6400000|  0%| F|  |TAMS 0x00000000e6300000, 0x00000000e6300000| Untracked 
| 100|0x00000000e6400000, 0x00000000e6400000, 0x00000000e6500000|  0%| F|  |TAMS 0x00000000e6400000, 0x00000000e6400000| Untracked 
| 101|0x00000000e6500000, 0x00000000e6500000, 0x00000000e6600000|  0%| F|  |TAMS 0x00000000e6500000, 0x00000000e6500000| Untracked 
| 102|0x00000000e6600000, 0x00000000e6600000, 0x00000000e6700000|  0%| F|  |TAMS 0x00000000e6600000, 0x00000000e6600000| Untracked 
| 103|0x00000000e6700000, 0x00000000e6700000, 0x00000000e6800000|  0%| F|  |TAMS 0x00000000e6700000, 0x00000000e6700000| Untracked 
| 104|0x00000000e6800000, 0x00000000e6800000, 0x00000000e6900000|  0%| F|  |TAMS 0x00000000e6800000, 0x00000000e6800000| Untracked 
| 105|0x00000000e6900000, 0x00000000e6900000, 0x00000000e6a00000|  0%| F|  |TAMS 0x00000000e6900000, 0x00000000e6900000| Untracked 
| 106|0x00000000e6a00000, 0x00000000e6a00000, 0x00000000e6b00000|  0%| F|  |TAMS 0x00000000e6a00000, 0x00000000e6a00000| Untracked 
| 107|0x00000000e6b00000, 0x00000000e6b00000, 0x00000000e6c00000|  0%| F|  |TAMS 0x00000000e6b00000, 0x00000000e6b00000| Untracked 
| 108|0x00000000e6c00000, 0x00000000e6c00000, 0x00000000e6d00000|  0%| F|  |TAMS 0x00000000e6c00000, 0x00000000e6c00000| Untracked 
| 109|0x00000000e6d00000, 0x00000000e6d00000, 0x00000000e6e00000|  0%| F|  |TAMS 0x00000000e6d00000, 0x00000000e6d00000| Untracked 
| 110|0x00000000e6e00000, 0x00000000e6e00000, 0x00000000e6f00000|  0%| F|  |TAMS 0x00000000e6e00000, 0x00000000e6e00000| Untracked 
| 111|0x00000000e6f00000, 0x00000000e6f00000, 0x00000000e7000000|  0%| F|  |TAMS 0x00000000e6f00000, 0x00000000e6f00000| Untracked 
| 112|0x00000000e7000000, 0x00000000e7000000, 0x00000000e7100000|  0%| F|  |TAMS 0x00000000e7000000, 0x00000000e7000000| Untracked 
| 113|0x00000000e7100000, 0x00000000e7100000, 0x00000000e7200000|  0%| F|  |TAMS 0x00000000e7100000, 0x00000000e7100000| Untracked 
| 114|0x00000000e7200000, 0x00000000e7200000, 0x00000000e7300000|  0%| F|  |TAMS 0x00000000e7200000, 0x00000000e7200000| Untracked 
| 115|0x00000000e7300000, 0x00000000e7300000, 0x00000000e7400000|  0%| F|  |TAMS 0x00000000e7300000, 0x00000000e7300000| Untracked 
| 116|0x00000000e7400000, 0x00000000e7400000, 0x00000000e7500000|  0%| F|  |TAMS 0x00000000e7400000, 0x00000000e7400000| Untracked 
| 117|0x00000000e7500000, 0x00000000e7500000, 0x00000000e7600000|  0%| F|  |TAMS 0x00000000e7500000, 0x00000000e7500000| Untracked 
| 118|0x00000000e7600000, 0x00000000e7600000, 0x00000000e7700000|  0%| F|  |TAMS 0x00000000e7600000, 0x00000000e7600000| Untracked 
| 119|0x00000000e7700000, 0x00000000e7700000, 0x00000000e7800000|  0%| F|  |TAMS 0x00000000e7700000, 0x00000000e7700000| Untracked 
| 120|0x00000000e7800000, 0x00000000e7800000, 0x00000000e7900000|  0%| F|  |TAMS 0x00000000e7800000, 0x00000000e7800000| Untracked 
| 121|0x00000000e7900000, 0x00000000e7900000, 0x00000000e7a00000|  0%| F|  |TAMS 0x00000000e7900000, 0x00000000e7900000| Untracked 
| 122|0x00000000e7a00000, 0x00000000e7a00000, 0x00000000e7b00000|  0%| F|  |TAMS 0x00000000e7a00000, 0x00000000e7a00000| Untracked 
| 123|0x00000000e7b00000, 0x00000000e7b00000, 0x00000000e7c00000|  0%| F|  |TAMS 0x00000000e7b00000, 0x00000000e7b00000| Untracked 
| 124|0x00000000e7c00000, 0x00000000e7c00000, 0x00000000e7d00000|  0%| F|  |TAMS 0x00000000e7c00000, 0x00000000e7c00000| Untracked 
| 125|0x00000000e7d00000, 0x00000000e7d00000, 0x00000000e7e00000|  0%| F|  |TAMS 0x00000000e7d00000, 0x00000000e7d00000| Untracked 
| 126|0x00000000e7e00000, 0x00000000e7e00000, 0x00000000e7f00000|  0%| F|  |TAMS 0x00000000e7e00000, 0x00000000e7e00000| Untracked 
| 127|0x00000000e7f00000, 0x00000000e7f00000, 0x00000000e8000000|  0%| F|  |TAMS 0x00000000e7f00000, 0x00000000e7f00000| Untracked 
| 128|0x00000000e8000000, 0x00000000e8000000, 0x00000000e8100000|  0%| F|  |TAMS 0x00000000e8000000, 0x00000000e8000000| Untracked 
| 129|0x00000000e8100000, 0x00000000e8100000, 0x00000000e8200000|  0%| F|  |TAMS 0x00000000e8100000, 0x00000000e8100000| Untracked 
| 130|0x00000000e8200000, 0x00000000e8200000, 0x00000000e8300000|  0%| F|  |TAMS 0x00000000e8200000, 0x00000000e8200000| Untracked 
| 131|0x00000000e8300000, 0x00000000e8300000, 0x00000000e8400000|  0%| F|  |TAMS 0x00000000e8300000, 0x00000000e8300000| Untracked 
| 132|0x00000000e8400000, 0x00000000e8400000, 0x00000000e8500000|  0%| F|  |TAMS 0x00000000e8400000, 0x00000000e8400000| Untracked 
| 133|0x00000000e8500000, 0x00000000e8500000, 0x00000000e8600000|  0%| F|  |TAMS 0x00000000e8500000, 0x00000000e8500000| Untracked 
| 134|0x00000000e8600000, 0x00000000e8600000, 0x00000000e8700000|  0%| F|  |TAMS 0x00000000e8600000, 0x00000000e8600000| Untracked 
| 135|0x00000000e8700000, 0x00000000e8700000, 0x00000000e8800000|  0%| F|  |TAMS 0x00000000e8700000, 0x00000000e8700000| Untracked 
| 136|0x00000000e8800000, 0x00000000e8800000, 0x00000000e8900000|  0%| F|  |TAMS 0x00000000e8800000, 0x00000000e8800000| Untracked 
| 137|0x00000000e8900000, 0x00000000e8900000, 0x00000000e8a00000|  0%| F|  |TAMS 0x00000000e8900000, 0x00000000e8900000| Untracked 
| 138|0x00000000e8a00000, 0x00000000e8a00000, 0x00000000e8b00000|  0%| F|  |TAMS 0x00000000e8a00000, 0x00000000e8a00000| Untracked 
| 139|0x00000000e8b00000, 0x00000000e8b00000, 0x00000000e8c00000|  0%| F|  |TAMS 0x00000000e8b00000, 0x00000000e8b00000| Untracked 
| 140|0x00000000e8c00000, 0x00000000e8c00000, 0x00000000e8d00000|  0%| F|  |TAMS 0x00000000e8c00000, 0x00000000e8c00000| Untracked 
| 141|0x00000000e8d00000, 0x00000000e8d00000, 0x00000000e8e00000|  0%| F|  |TAMS 0x00000000e8d00000, 0x00000000e8d00000| Untracked 
| 142|0x00000000e8e00000, 0x00000000e8e00000, 0x00000000e8f00000|  0%| F|  |TAMS 0x00000000e8e00000, 0x00000000e8e00000| Untracked 
| 143|0x00000000e8f00000, 0x00000000e8f00000, 0x00000000e9000000|  0%| F|  |TAMS 0x00000000e8f00000, 0x00000000e8f00000| Untracked 
| 144|0x00000000e9000000, 0x00000000e9000000, 0x00000000e9100000|  0%| F|  |TAMS 0x00000000e9000000, 0x00000000e9000000| Untracked 
| 145|0x00000000e9100000, 0x00000000e9100000, 0x00000000e9200000|  0%| F|  |TAMS 0x00000000e9100000, 0x00000000e9100000| Untracked 
| 146|0x00000000e9200000, 0x00000000e9200000, 0x00000000e9300000|  0%| F|  |TAMS 0x00000000e9200000, 0x00000000e9200000| Untracked 
| 147|0x00000000e9300000, 0x00000000e9300000, 0x00000000e9400000|  0%| F|  |TAMS 0x00000000e9300000, 0x00000000e9300000| Untracked 
| 148|0x00000000e9400000, 0x00000000e9400000, 0x00000000e9500000|  0%| F|  |TAMS 0x00000000e9400000, 0x00000000e9400000| Untracked 
| 149|0x00000000e9500000, 0x00000000e9500000, 0x00000000e9600000|  0%| F|  |TAMS 0x00000000e9500000, 0x00000000e9500000| Untracked 
| 150|0x00000000e9600000, 0x00000000e9600000, 0x00000000e9700000|  0%| F|  |TAMS 0x00000000e9600000, 0x00000000e9600000| Untracked 
| 151|0x00000000e9700000, 0x00000000e9700000, 0x00000000e9800000|  0%| F|  |TAMS 0x00000000e9700000, 0x00000000e9700000| Untracked 
| 152|0x00000000e9800000, 0x00000000e9800000, 0x00000000e9900000|  0%| F|  |TAMS 0x00000000e9800000, 0x00000000e9800000| Untracked 
| 153|0x00000000e9900000, 0x00000000e9900000, 0x00000000e9a00000|  0%| F|  |TAMS 0x00000000e9900000, 0x00000000e9900000| Untracked 
| 154|0x00000000e9a00000, 0x00000000e9a00000, 0x00000000e9b00000|  0%| F|  |TAMS 0x00000000e9a00000, 0x00000000e9a00000| Untracked 
| 155|0x00000000e9b00000, 0x00000000e9b00000, 0x00000000e9c00000|  0%| F|  |TAMS 0x00000000e9b00000, 0x00000000e9b00000| Untracked 
| 156|0x00000000e9c00000, 0x00000000e9c00000, 0x00000000e9d00000|  0%| F|  |TAMS 0x00000000e9c00000, 0x00000000e9c00000| Untracked 
| 157|0x00000000e9d00000, 0x00000000e9d00000, 0x00000000e9e00000|  0%| F|  |TAMS 0x00000000e9d00000, 0x00000000e9d00000| Untracked 
| 158|0x00000000e9e00000, 0x00000000e9e00000, 0x00000000e9f00000|  0%| F|  |TAMS 0x00000000e9e00000, 0x00000000e9e00000| Untracked 
| 159|0x00000000e9f00000, 0x00000000e9f00000, 0x00000000ea000000|  0%| F|  |TAMS 0x00000000e9f00000, 0x00000000e9f00000| Untracked 
| 160|0x00000000ea000000, 0x00000000ea000000, 0x00000000ea100000|  0%| F|  |TAMS 0x00000000ea000000, 0x00000000ea000000| Untracked 
| 161|0x00000000ea100000, 0x00000000ea100000, 0x00000000ea200000|  0%| F|  |TAMS 0x00000000ea100000, 0x00000000ea100000| Untracked 
| 162|0x00000000ea200000, 0x00000000ea200000, 0x00000000ea300000|  0%| F|  |TAMS 0x00000000ea200000, 0x00000000ea200000| Untracked 
| 163|0x00000000ea300000, 0x00000000ea359fc8, 0x00000000ea400000| 35%| S|CS|TAMS 0x00000000ea300000, 0x00000000ea300000| Complete 
| 164|0x00000000ea400000, 0x00000000ea500000, 0x00000000ea500000|100%| S|CS|TAMS 0x00000000ea400000, 0x00000000ea400000| Complete 
| 165|0x00000000ea500000, 0x00000000ea600000, 0x00000000ea600000|100%| S|CS|TAMS 0x00000000ea500000, 0x00000000ea500000| Complete 
| 166|0x00000000ea600000, 0x00000000ea700000, 0x00000000ea700000|100%| S|CS|TAMS 0x00000000ea600000, 0x00000000ea600000| Complete 
| 167|0x00000000ea700000, 0x00000000ea800000, 0x00000000ea800000|100%| S|CS|TAMS 0x00000000ea700000, 0x00000000ea700000| Complete 
| 168|0x00000000ea800000, 0x00000000ea900000, 0x00000000ea900000|100%| S|CS|TAMS 0x00000000ea800000, 0x00000000ea800000| Complete 
| 169|0x00000000ea900000, 0x00000000ea900000, 0x00000000eaa00000|  0%| F|  |TAMS 0x00000000ea900000, 0x00000000ea900000| Untracked 
| 170|0x00000000eaa00000, 0x00000000eaa00000, 0x00000000eab00000|  0%| F|  |TAMS 0x00000000eaa00000, 0x00000000eaa00000| Untracked 
| 171|0x00000000eab00000, 0x00000000eab00000, 0x00000000eac00000|  0%| F|  |TAMS 0x00000000eab00000, 0x00000000eab00000| Untracked 
| 172|0x00000000eac00000, 0x00000000eac00000, 0x00000000ead00000|  0%| F|  |TAMS 0x00000000eac00000, 0x00000000eac00000| Untracked 
| 173|0x00000000ead00000, 0x00000000ead00000, 0x00000000eae00000|  0%| F|  |TAMS 0x00000000ead00000, 0x00000000ead00000| Untracked 
| 174|0x00000000eae00000, 0x00000000eae00000, 0x00000000eaf00000|  0%| F|  |TAMS 0x00000000eae00000, 0x00000000eae00000| Untracked 
| 175|0x00000000eaf00000, 0x00000000eaf00000, 0x00000000eb000000|  0%| F|  |TAMS 0x00000000eaf00000, 0x00000000eaf00000| Untracked 
| 176|0x00000000eb000000, 0x00000000eb000000, 0x00000000eb100000|  0%| F|  |TAMS 0x00000000eb000000, 0x00000000eb000000| Untracked 
| 177|0x00000000eb100000, 0x00000000eb100000, 0x00000000eb200000|  0%| F|  |TAMS 0x00000000eb100000, 0x00000000eb100000| Untracked 
| 178|0x00000000eb200000, 0x00000000eb200000, 0x00000000eb300000|  0%| F|  |TAMS 0x00000000eb200000, 0x00000000eb200000| Untracked 
| 179|0x00000000eb300000, 0x00000000eb300000, 0x00000000eb400000|  0%| F|  |TAMS 0x00000000eb300000, 0x00000000eb300000| Untracked 
| 180|0x00000000eb400000, 0x00000000eb400000, 0x00000000eb500000|  0%| F|  |TAMS 0x00000000eb400000, 0x00000000eb400000| Untracked 
| 181|0x00000000eb500000, 0x00000000eb500000, 0x00000000eb600000|  0%| F|  |TAMS 0x00000000eb500000, 0x00000000eb500000| Untracked 
| 182|0x00000000eb600000, 0x00000000eb600000, 0x00000000eb700000|  0%| F|  |TAMS 0x00000000eb600000, 0x00000000eb600000| Untracked 
| 183|0x00000000eb700000, 0x00000000eb700000, 0x00000000eb800000|  0%| F|  |TAMS 0x00000000eb700000, 0x00000000eb700000| Untracked 
| 184|0x00000000eb800000, 0x00000000eb800000, 0x00000000eb900000|  0%| F|  |TAMS 0x00000000eb800000, 0x00000000eb800000| Untracked 
| 185|0x00000000eb900000, 0x00000000eb900000, 0x00000000eba00000|  0%| F|  |TAMS 0x00000000eb900000, 0x00000000eb900000| Untracked 
| 186|0x00000000eba00000, 0x00000000eba00000, 0x00000000ebb00000|  0%| F|  |TAMS 0x00000000eba00000, 0x00000000eba00000| Untracked 
| 187|0x00000000ebb00000, 0x00000000ebb00000, 0x00000000ebc00000|  0%| F|  |TAMS 0x00000000ebb00000, 0x00000000ebb00000| Untracked 
| 188|0x00000000ebc00000, 0x00000000ebc00000, 0x00000000ebd00000|  0%| F|  |TAMS 0x00000000ebc00000, 0x00000000ebc00000| Untracked 
| 189|0x00000000ebd00000, 0x00000000ebd00000, 0x00000000ebe00000|  0%| F|  |TAMS 0x00000000ebd00000, 0x00000000ebd00000| Untracked 
| 190|0x00000000ebe00000, 0x00000000ebe00000, 0x00000000ebf00000|  0%| F|  |TAMS 0x00000000ebe00000, 0x00000000ebe00000| Untracked 
| 191|0x00000000ebf00000, 0x00000000ebf00000, 0x00000000ec000000|  0%| F|  |TAMS 0x00000000ebf00000, 0x00000000ebf00000| Untracked 
| 192|0x00000000ec000000, 0x00000000ec000000, 0x00000000ec100000|  0%| F|  |TAMS 0x00000000ec000000, 0x00000000ec000000| Untracked 
| 193|0x00000000ec100000, 0x00000000ec100000, 0x00000000ec200000|  0%| F|  |TAMS 0x00000000ec100000, 0x00000000ec100000| Untracked 
| 194|0x00000000ec200000, 0x00000000ec200000, 0x00000000ec300000|  0%| F|  |TAMS 0x00000000ec200000, 0x00000000ec200000| Untracked 
| 195|0x00000000ec300000, 0x00000000ec300000, 0x00000000ec400000|  0%| F|  |TAMS 0x00000000ec300000, 0x00000000ec300000| Untracked 
| 196|0x00000000ec400000, 0x00000000ec400000, 0x00000000ec500000|  0%| F|  |TAMS 0x00000000ec400000, 0x00000000ec400000| Untracked 
| 197|0x00000000ec500000, 0x00000000ec500000, 0x00000000ec600000|  0%| F|  |TAMS 0x00000000ec500000, 0x00000000ec500000| Untracked 
| 198|0x00000000ec600000, 0x00000000ec600000, 0x00000000ec700000|  0%| F|  |TAMS 0x00000000ec600000, 0x00000000ec600000| Untracked 
| 199|0x00000000ec700000, 0x00000000ec700000, 0x00000000ec800000|  0%| F|  |TAMS 0x00000000ec700000, 0x00000000ec700000| Untracked 
| 200|0x00000000ec800000, 0x00000000ec800000, 0x00000000ec900000|  0%| F|  |TAMS 0x00000000ec800000, 0x00000000ec800000| Untracked 
| 201|0x00000000ec900000, 0x00000000ec900000, 0x00000000eca00000|  0%| F|  |TAMS 0x00000000ec900000, 0x00000000ec900000| Untracked 
| 202|0x00000000eca00000, 0x00000000eca00000, 0x00000000ecb00000|  0%| F|  |TAMS 0x00000000eca00000, 0x00000000eca00000| Untracked 
| 203|0x00000000ecb00000, 0x00000000ecb00000, 0x00000000ecc00000|  0%| F|  |TAMS 0x00000000ecb00000, 0x00000000ecb00000| Untracked 
| 204|0x00000000ecc00000, 0x00000000ecc00000, 0x00000000ecd00000|  0%| F|  |TAMS 0x00000000ecc00000, 0x00000000ecc00000| Untracked 
| 205|0x00000000ecd00000, 0x00000000ecd00000, 0x00000000ece00000|  0%| F|  |TAMS 0x00000000ecd00000, 0x00000000ecd00000| Untracked 
| 206|0x00000000ece00000, 0x00000000ece00000, 0x00000000ecf00000|  0%| F|  |TAMS 0x00000000ece00000, 0x00000000ece00000| Untracked 
| 207|0x00000000ecf00000, 0x00000000ecf00000, 0x00000000ed000000|  0%| F|  |TAMS 0x00000000ecf00000, 0x00000000ecf00000| Untracked 
| 208|0x00000000ed000000, 0x00000000ed000000, 0x00000000ed100000|  0%| F|  |TAMS 0x00000000ed000000, 0x00000000ed000000| Untracked 
| 209|0x00000000ed100000, 0x00000000ed100000, 0x00000000ed200000|  0%| F|  |TAMS 0x00000000ed100000, 0x00000000ed100000| Untracked 
| 210|0x00000000ed200000, 0x00000000ed200000, 0x00000000ed300000|  0%| F|  |TAMS 0x00000000ed200000, 0x00000000ed200000| Untracked 
| 211|0x00000000ed300000, 0x00000000ed300000, 0x00000000ed400000|  0%| F|  |TAMS 0x00000000ed300000, 0x00000000ed300000| Untracked 
| 212|0x00000000ed400000, 0x00000000ed400000, 0x00000000ed500000|  0%| F|  |TAMS 0x00000000ed400000, 0x00000000ed400000| Untracked 
| 213|0x00000000ed500000, 0x00000000ed500000, 0x00000000ed600000|  0%| F|  |TAMS 0x00000000ed500000, 0x00000000ed500000| Untracked 
| 214|0x00000000ed600000, 0x00000000ed600000, 0x00000000ed700000|  0%| F|  |TAMS 0x00000000ed600000, 0x00000000ed600000| Untracked 
| 215|0x00000000ed700000, 0x00000000ed700000, 0x00000000ed800000|  0%| F|  |TAMS 0x00000000ed700000, 0x00000000ed700000| Untracked 
| 216|0x00000000ed800000, 0x00000000ed800000, 0x00000000ed900000|  0%| F|  |TAMS 0x00000000ed800000, 0x00000000ed800000| Untracked 
| 217|0x00000000ed900000, 0x00000000ed900000, 0x00000000eda00000|  0%| F|  |TAMS 0x00000000ed900000, 0x00000000ed900000| Untracked 
| 218|0x00000000eda00000, 0x00000000eda00000, 0x00000000edb00000|  0%| F|  |TAMS 0x00000000eda00000, 0x00000000eda00000| Untracked 
| 219|0x00000000edb00000, 0x00000000edb00000, 0x00000000edc00000|  0%| F|  |TAMS 0x00000000edb00000, 0x00000000edb00000| Untracked 
| 220|0x00000000edc00000, 0x00000000edc00000, 0x00000000edd00000|  0%| F|  |TAMS 0x00000000edc00000, 0x00000000edc00000| Untracked 
| 221|0x00000000edd00000, 0x00000000edd00000, 0x00000000ede00000|  0%| F|  |TAMS 0x00000000edd00000, 0x00000000edd00000| Untracked 
| 222|0x00000000ede00000, 0x00000000ede00000, 0x00000000edf00000|  0%| F|  |TAMS 0x00000000ede00000, 0x00000000ede00000| Untracked 
| 223|0x00000000edf00000, 0x00000000edf00000, 0x00000000ee000000|  0%| F|  |TAMS 0x00000000edf00000, 0x00000000edf00000| Untracked 
| 224|0x00000000ee000000, 0x00000000ee000000, 0x00000000ee100000|  0%| F|  |TAMS 0x00000000ee000000, 0x00000000ee000000| Untracked 
| 225|0x00000000ee100000, 0x00000000ee100000, 0x00000000ee200000|  0%| F|  |TAMS 0x00000000ee100000, 0x00000000ee100000| Untracked 
| 226|0x00000000ee200000, 0x00000000ee200000, 0x00000000ee300000|  0%| F|  |TAMS 0x00000000ee200000, 0x00000000ee200000| Untracked 
| 227|0x00000000ee300000, 0x00000000ee300000, 0x00000000ee400000|  0%| F|  |TAMS 0x00000000ee300000, 0x00000000ee300000| Untracked 
| 228|0x00000000ee400000, 0x00000000ee400000, 0x00000000ee500000|  0%| F|  |TAMS 0x00000000ee400000, 0x00000000ee400000| Untracked 
| 229|0x00000000ee500000, 0x00000000ee500000, 0x00000000ee600000|  0%| F|  |TAMS 0x00000000ee500000, 0x00000000ee500000| Untracked 
| 230|0x00000000ee600000, 0x00000000ee600000, 0x00000000ee700000|  0%| F|  |TAMS 0x00000000ee600000, 0x00000000ee600000| Untracked 
| 231|0x00000000ee700000, 0x00000000ee700000, 0x00000000ee800000|  0%| F|  |TAMS 0x00000000ee700000, 0x00000000ee700000| Untracked 
| 232|0x00000000ee800000, 0x00000000ee800000, 0x00000000ee900000|  0%| F|  |TAMS 0x00000000ee800000, 0x00000000ee800000| Untracked 
| 233|0x00000000ee900000, 0x00000000ee900000, 0x00000000eea00000|  0%| F|  |TAMS 0x00000000ee900000, 0x00000000ee900000| Untracked 
| 234|0x00000000eea00000, 0x00000000eea00000, 0x00000000eeb00000|  0%| F|  |TAMS 0x00000000eea00000, 0x00000000eea00000| Untracked 
| 235|0x00000000eeb00000, 0x00000000eeb00000, 0x00000000eec00000|  0%| F|  |TAMS 0x00000000eeb00000, 0x00000000eeb00000| Untracked 
| 236|0x00000000eec00000, 0x00000000eec00000, 0x00000000eed00000|  0%| F|  |TAMS 0x00000000eec00000, 0x00000000eec00000| Untracked 
| 237|0x00000000eed00000, 0x00000000eed00000, 0x00000000eee00000|  0%| F|  |TAMS 0x00000000eed00000, 0x00000000eed00000| Untracked 
| 238|0x00000000eee00000, 0x00000000eee00000, 0x00000000eef00000|  0%| F|  |TAMS 0x00000000eee00000, 0x00000000eee00000| Untracked 
| 239|0x00000000eef00000, 0x00000000eef00000, 0x00000000ef000000|  0%| F|  |TAMS 0x00000000eef00000, 0x00000000eef00000| Untracked 
| 240|0x00000000ef000000, 0x00000000ef000000, 0x00000000ef100000|  0%| F|  |TAMS 0x00000000ef000000, 0x00000000ef000000| Untracked 
| 241|0x00000000ef100000, 0x00000000ef100000, 0x00000000ef200000|  0%| F|  |TAMS 0x00000000ef100000, 0x00000000ef100000| Untracked 
| 242|0x00000000ef200000, 0x00000000ef200000, 0x00000000ef300000|  0%| F|  |TAMS 0x00000000ef200000, 0x00000000ef200000| Untracked 
| 243|0x00000000ef300000, 0x00000000ef300000, 0x00000000ef400000|  0%| F|  |TAMS 0x00000000ef300000, 0x00000000ef300000| Untracked 
| 244|0x00000000ef400000, 0x00000000ef400000, 0x00000000ef500000|  0%| F|  |TAMS 0x00000000ef400000, 0x00000000ef400000| Untracked 
| 245|0x00000000ef500000, 0x00000000ef500000, 0x00000000ef600000|  0%| F|  |TAMS 0x00000000ef500000, 0x00000000ef500000| Untracked 
| 246|0x00000000ef600000, 0x00000000ef600000, 0x00000000ef700000|  0%| F|  |TAMS 0x00000000ef600000, 0x00000000ef600000| Untracked 
| 247|0x00000000ef700000, 0x00000000ef700000, 0x00000000ef800000|  0%| F|  |TAMS 0x00000000ef700000, 0x00000000ef700000| Untracked 
| 248|0x00000000ef800000, 0x00000000ef800000, 0x00000000ef900000|  0%| F|  |TAMS 0x00000000ef800000, 0x00000000ef800000| Untracked 
| 249|0x00000000ef900000, 0x00000000ef900000, 0x00000000efa00000|  0%| F|  |TAMS 0x00000000ef900000, 0x00000000ef900000| Untracked 
| 250|0x00000000efa00000, 0x00000000efa00000, 0x00000000efb00000|  0%| F|  |TAMS 0x00000000efa00000, 0x00000000efa00000| Untracked 
| 251|0x00000000efb00000, 0x00000000efb00000, 0x00000000efc00000|  0%| F|  |TAMS 0x00000000efb00000, 0x00000000efb00000| Untracked 
| 252|0x00000000efc00000, 0x00000000efc80800, 0x00000000efd00000| 50%| E|  |TAMS 0x00000000efc00000, 0x00000000efc00000| Complete 
| 253|0x00000000efd00000, 0x00000000efe00000, 0x00000000efe00000|100%| E|CS|TAMS 0x00000000efd00000, 0x00000000efd00000| Complete 
| 254|0x00000000efe00000, 0x00000000eff00000, 0x00000000eff00000|100%| E|CS|TAMS 0x00000000efe00000, 0x00000000efe00000| Complete 
| 255|0x00000000eff00000, 0x00000000f0000000, 0x00000000f0000000|100%| E|CS|TAMS 0x00000000eff00000, 0x00000000eff00000| Complete 

Card table byte_map: [0x000001a35d2f0000,0x000001a35d3f0000] _byte_map_base: 0x000001a35cbf0000

Marking Bits (Prev, Next): (CMBitMap*) 0x000001a3465b6060, (CMBitMap*) 0x000001a3465b60a0
 Prev Bits: [0x000001a35d4f0000, 0x000001a35dcf0000)
 Next Bits: [0x000001a35dcf0000, 0x000001a35e4f0000)

Polling page: 0x000001a3444c0000

Metaspace:

Usage:
  Non-class:     49.01 MB used.
      Class:      8.13 MB used.
       Both:     57.14 MB used.

Virtual space:
  Non-class space:       64.00 MB reserved,      49.88 MB ( 78%) committed,  1 nodes.
      Class space:      308.00 MB reserved,       9.06 MB (  3%) committed,  1 nodes.
             Both:      372.00 MB reserved,      58.94 MB ( 16%) committed. 

Chunk freelists:
   Non-Class:  1.78 MB
       Class:  2.95 MB
        Both:  4.73 MB

MaxMetaspaceSize: 384.00 MB
CompressedClassSpaceSize: 308.00 MB
Initial GC threshold: 21.00 MB
Current GC threshold: 59.00 MB
CDS: on
MetaspaceReclaimPolicy: balanced
 - commit_granule_bytes: 65536.
 - commit_granule_words: 8192.
 - virtual_space_node_default_size: 8388608.
 - enlarge_chunks_in_place: 1.
 - new_chunks_are_fully_committed: 0.
 - uncommit_free_chunks: 1.
 - use_allocation_guard: 0.


Internal statistics:

num_allocs_failed_limit: 9.
num_arena_births: 3376.
num_arena_deaths: 0.
num_vsnodes_births: 2.
num_vsnodes_deaths: 0.
num_space_committed: 943.
num_space_uncommitted: 0.
num_chunks_returned_to_freelist: 9.
num_chunks_taken_from_freelist: 6171.
num_chunk_merges: 6.
num_chunk_splits: 4021.
num_chunks_enlarged: 2435.
num_inconsistent_stats: 0.

CodeHeap 'non-profiled nmethods': size=120000Kb used=3011Kb max_used=3011Kb free=116988Kb
 bounds [0x000001a355990000, 0x000001a355c90000, 0x000001a35cec0000]
CodeHeap 'profiled nmethods': size=120000Kb used=10076Kb max_used=10076Kb free=109923Kb
 bounds [0x000001a34e460000, 0x000001a34ee50000, 0x000001a355990000]
CodeHeap 'non-nmethods': size=5760Kb used=2365Kb max_used=2417Kb free=3394Kb
 bounds [0x000001a34dec0000, 0x000001a34e130000, 0x000001a34e460000]
 total_blobs=6194 nmethods=5315 adapters=791
 compilation: enabled
              stopped_count=0, restarted_count=0
 full_count=0

Compilation events (20 events):
Event: 4.310 Thread 0x000001a360ed6160 nmethod 6179 0x000001a34e538990 code [0x000001a34e538de0, 0x000001a34e53b3f8]
Event: 4.310 Thread 0x000001a360ed6160 6182       1       org.gradle.internal.event.BroadcastDispatch$SingletonDispatch::access$100 (5 bytes)
Event: 4.310 Thread 0x000001a360ed30c0 nmethod 6177 0x000001a355c7ae90 code [0x000001a355c7b0a0, 0x000001a355c7c2f0]
Event: 4.310 Thread 0x000001a360ed6160 nmethod 6182 0x000001a355c7cf10 code [0x000001a355c7d0a0, 0x000001a355c7d158]
Event: 4.310 Thread 0x000001a360ed6160 6180       3       org.gradle.tooling.internal.provider.runner.TaskOriginTracker::started (62 bytes)
Event: 4.310 Thread 0x000001a360ed6160 nmethod 6180 0x000001a34e536c10 code [0x000001a34e536f20, 0x000001a34e5383c8]
Event: 4.310 Thread 0x000001a360ed6160 6184       3       org.gradle.api.internal.attributes.DefaultMutableAttributeContainer::assertAttributeValueIsNotNull (15 bytes)
Event: 4.310 Thread 0x000001a360ed6160 nmethod 6184 0x000001a34e536790 code [0x000001a34e536940, 0x000001a34e536b48]
Event: 4.310 Thread 0x000001a360ed6160 6185       3       org.gradle.api.internal.attributes.DefaultMutableAttributeContainer::attribute (13 bytes)
Event: 4.310 Thread 0x000001a360ed6160 nmethod 6185 0x000001a34e536390 code [0x000001a34e536540, 0x000001a34e5366d8]
Event: 4.311 Thread 0x000001a360ed6160 6186       3       org.gradle.api.internal.attributes.DefaultMutableAttributeContainer::doInsertion (39 bytes)
Event: 4.311 Thread 0x000001a360ed6160 nmethod 6186 0x000001a34e535890 code [0x000001a34e535aa0, 0x000001a34e536128]
Event: 4.311 Thread 0x000001a360ed6160 6183       1       org.gradle.api.internal.project.DefaultProjectStateRegistry$CalculatedModelValueImpl::getOrNull (5 bytes)
Event: 4.311 Thread 0x000001a360ed6160 nmethod 6183 0x000001a355c7d210 code [0x000001a355c7d3a0, 0x000001a355c7d478]
Event: 4.311 Thread 0x000001a360ed6160 6187       3       org.gradle.api.internal.attributes.DefaultMutableAttributeContainer::assertAttributeTypeIsValid (53 bytes)
Event: 4.311 Thread 0x000001a360ed6160 nmethod 6187 0x000001a34e493e10 code [0x000001a34e4940e0, 0x000001a34e495208]
Event: 4.311 Thread 0x000001a360ed6160 6188       3       org.gradle.api.internal.attributes.DefaultMutableAttributeContainer::removeLazyAttributeIfPresent (25 bytes)
Event: 4.311 Thread 0x000001a360ed6160 nmethod 6188 0x000001a34e535290 code [0x000001a34e535440, 0x000001a34e535738]
Event: 4.311 Thread 0x000001a360ed6160 6181       3       org.gradle.tooling.internal.provider.runner.ToolingApiBuildEventListenerFactory$1::started (1 bytes)
Event: 4.311 Thread 0x000001a360ed6160 nmethod 6181 0x000001a34e534d90 code [0x000001a34e534f20, 0x000001a34e535038]

GC Heap History (12 events):
Event: 0.388 GC heap before
{Heap before GC invocations=0 (full 0):
 garbage-first heap   total 262144K, used 26624K [0x00000000e0000000, 0x0000000100000000)
  region size 1024K, 23 young (23552K), 0 survivors (0K)
 Metaspace       used 3098K, committed 3264K, reserved 380928K
  class space    used 389K, committed 448K, reserved 315392K
}
Event: 0.391 GC heap after
{Heap after GC invocations=1 (full 0):
 garbage-first heap   total 262144K, used 10660K [0x00000000e0000000, 0x0000000100000000)
  region size 1024K, 3 young (3072K), 3 survivors (3072K)
 Metaspace       used 3098K, committed 3264K, reserved 380928K
  class space    used 389K, committed 448K, reserved 315392K
}
Event: 0.605 GC heap before
{Heap before GC invocations=1 (full 0):
 garbage-first heap   total 262144K, used 38308K [0x00000000e0000000, 0x0000000100000000)
  region size 1024K, 30 young (30720K), 3 survivors (3072K)
 Metaspace       used 4068K, committed 4288K, reserved 380928K
  class space    used 491K, committed 576K, reserved 315392K
}
Event: 0.607 GC heap after
{Heap after GC invocations=2 (full 0):
 garbage-first heap   total 262144K, used 12477K [0x00000000e0000000, 0x0000000100000000)
  region size 1024K, 3 young (3072K), 3 survivors (3072K)
 Metaspace       used 4068K, committed 4288K, reserved 380928K
  class space    used 491K, committed 576K, reserved 315392K
}
Event: 1.687 GC heap before
{Heap before GC invocations=2 (full 0):
 garbage-first heap   total 262144K, used 121021K [0x00000000e0000000, 0x0000000100000000)
  region size 1024K, 109 young (111616K), 3 survivors (3072K)
 Metaspace       used 20773K, committed 21504K, reserved 380928K
  class space    used 3048K, committed 3392K, reserved 315392K
}
Event: 1.692 GC heap after
{Heap after GC invocations=3 (full 0):
 garbage-first heap   total 262144K, used 22353K [0x00000000e0000000, 0x0000000100000000)
  region size 1024K, 12 young (12288K), 12 survivors (12288K)
 Metaspace       used 20773K, committed 21504K, reserved 380928K
  class space    used 3048K, committed 3392K, reserved 315392K
}
Event: 2.494 GC heap before
{Heap before GC invocations=4 (full 0):
 garbage-first heap   total 262144K, used 129873K [0x00000000e0000000, 0x0000000100000000)
  region size 1024K, 114 young (116736K), 12 survivors (12288K)
 Metaspace       used 34787K, committed 35968K, reserved 380928K
  class space    used 4828K, committed 5440K, reserved 315392K
}
Event: 2.502 GC heap after
{Heap after GC invocations=5 (full 0):
 garbage-first heap   total 262144K, used 30579K [0x00000000e0000000, 0x0000000100000000)
  region size 1024K, 9 young (9216K), 9 survivors (9216K)
 Metaspace       used 34787K, committed 35968K, reserved 380928K
  class space    used 4828K, committed 5440K, reserved 315392K
}
Event: 3.676 GC heap before
{Heap before GC invocations=6 (full 0):
 garbage-first heap   total 262144K, used 184179K [0x00000000e0000000, 0x0000000100000000)
  region size 1024K, 146 young (149504K), 9 survivors (9216K)
 Metaspace       used 49391K, committed 51072K, reserved 380928K
  class space    used 6989K, committed 7872K, reserved 315392K
}
Event: 3.683 GC heap after
{Heap after GC invocations=7 (full 0):
 garbage-first heap   total 262144K, used 53512K [0x00000000e0000000, 0x0000000100000000)
  region size 1024K, 19 young (19456K), 19 survivors (19456K)
 Metaspace       used 49391K, committed 51072K, reserved 380928K
  class space    used 6989K, committed 7872K, reserved 315392K
}
Event: 4.302 GC heap before
{Heap before GC invocations=7 (full 0):
 garbage-first heap   total 262144K, used 141576K [0x00000000e0000000, 0x0000000100000000)
  region size 1024K, 106 young (108544K), 19 survivors (19456K)
 Metaspace       used 58275K, committed 60096K, reserved 380928K
  class space    used 8291K, committed 9216K, reserved 315392K
}
Event: 4.309 GC heap after
{Heap after GC invocations=8 (full 0):
 garbage-first heap   total 262144K, used 58268K [0x00000000e0000000, 0x0000000100000000)
  region size 1024K, 6 young (6144K), 6 survivors (6144K)
 Metaspace       used 58275K, committed 60096K, reserved 380928K
  class space    used 8291K, committed 9216K, reserved 315392K
}

Deoptimization events (20 events):
Event: 4.157 Thread 0x000001a366d83be0 Uncommon trap: trap_request=0xffffffde fr.pc=0x000001a355bc6dac relative=0x000000000000072c
Event: 4.157 Thread 0x000001a366d83be0 Uncommon trap: reason=class_check action=maybe_recompile pc=0x000001a355bc6dac method=java.util.regex.Matcher.search(I)Z @ 121 c2
Event: 4.157 Thread 0x000001a366d83be0 DEOPT PACKING pc=0x000001a355bc6dac sp=0x00000070111f6b90
Event: 4.157 Thread 0x000001a366d83be0 DEOPT UNPACKING pc=0x000001a34df123a3 sp=0x00000070111f6af8 mode 2
Event: 4.160 Thread 0x000001a366d83be0 Uncommon trap: trap_request=0xffffffde fr.pc=0x000001a355bc6dac relative=0x000000000000072c
Event: 4.160 Thread 0x000001a366d83be0 Uncommon trap: reason=class_check action=maybe_recompile pc=0x000001a355bc6dac method=java.util.regex.Matcher.search(I)Z @ 121 c2
Event: 4.160 Thread 0x000001a366d83be0 DEOPT PACKING pc=0x000001a355bc6dac sp=0x00000070111f6b30
Event: 4.160 Thread 0x000001a366d83be0 DEOPT UNPACKING pc=0x000001a34df123a3 sp=0x00000070111f6a98 mode 2
Event: 4.160 Thread 0x000001a366d83be0 Uncommon trap: trap_request=0xffffffde fr.pc=0x000001a355bc6dac relative=0x000000000000072c
Event: 4.160 Thread 0x000001a366d83be0 Uncommon trap: reason=class_check action=maybe_recompile pc=0x000001a355bc6dac method=java.util.regex.Matcher.search(I)Z @ 121 c2
Event: 4.160 Thread 0x000001a366d83be0 DEOPT PACKING pc=0x000001a355bc6dac sp=0x00000070111f6b30
Event: 4.160 Thread 0x000001a366d83be0 DEOPT UNPACKING pc=0x000001a34df123a3 sp=0x00000070111f6a98 mode 2
Event: 4.163 Thread 0x000001a366d83be0 Uncommon trap: trap_request=0xffffffde fr.pc=0x000001a355bb7d08 relative=0x0000000000000708
Event: 4.163 Thread 0x000001a366d83be0 Uncommon trap: reason=class_check action=maybe_recompile pc=0x000001a355bb7d08 method=java.util.regex.Matcher.search(I)Z @ 121 c2
Event: 4.164 Thread 0x000001a366d83be0 DEOPT PACKING pc=0x000001a355bb7d08 sp=0x00000070111f6b10
Event: 4.164 Thread 0x000001a366d83be0 DEOPT UNPACKING pc=0x000001a34df123a3 sp=0x00000070111f6af0 mode 2
Event: 4.165 Thread 0x000001a366d83be0 Uncommon trap: trap_request=0xffffffbe fr.pc=0x000001a355a08ae8 relative=0x00000000000001c8
Event: 4.165 Thread 0x000001a366d83be0 Uncommon trap: reason=profile_predicate action=maybe_recompile pc=0x000001a355a08ae8 method=java.util.LinkedHashMap.keysToArray([Ljava/lang/Object;)[Ljava/lang/Object; @ 12 c2
Event: 4.165 Thread 0x000001a366d83be0 DEOPT PACKING pc=0x000001a355a08ae8 sp=0x00000070111f68c0
Event: 4.165 Thread 0x000001a366d83be0 DEOPT UNPACKING pc=0x000001a34df123a3 sp=0x00000070111f6878 mode 2

Classes loaded (20 events):
Event: 4.072 Loading class javax/xml/parsers/FactoryFinder$1
Event: 4.072 Loading class javax/xml/parsers/FactoryFinder$1 done
Event: 4.072 Loading class com/sun/org/apache/xerces/internal/jaxp/DocumentBuilderFactoryImpl
Event: 4.072 Loading class com/sun/org/apache/xerces/internal/jaxp/DocumentBuilderFactoryImpl done
Event: 4.072 Loading class com/sun/org/apache/xerces/internal/utils/XMLSecurityManager
Event: 4.073 Loading class com/sun/org/apache/xerces/internal/utils/XMLSecurityManager done
Event: 4.073 Loading class com/sun/org/apache/xerces/internal/utils/XMLSecurityManager$Limit
Event: 4.073 Loading class com/sun/org/apache/xerces/internal/utils/XMLSecurityManager$Limit done
Event: 4.073 Loading class com/sun/org/apache/xerces/internal/utils/XMLSecurityManager$NameMap
Event: 4.073 Loading class com/sun/org/apache/xerces/internal/utils/XMLSecurityManager$NameMap done
Event: 4.073 Loading class com/sun/org/apache/xerces/internal/utils/XMLSecurityPropertyManager
Event: 4.073 Loading class com/sun/org/apache/xerces/internal/utils/XMLSecurityPropertyManager done
Event: 4.073 Loading class com/sun/org/apache/xerces/internal/utils/XMLSecurityPropertyManager$State
Event: 4.073 Loading class com/sun/org/apache/xerces/internal/utils/XMLSecurityPropertyManager$State done
Event: 4.073 Loading class com/sun/org/apache/xerces/internal/utils/XMLSecurityPropertyManager$Property
Event: 4.073 Loading class com/sun/org/apache/xerces/internal/utils/XMLSecurityPropertyManager$Property done
Event: 4.087 Loading class java/util/regex/Pattern$SliceI
Event: 4.087 Loading class java/util/regex/Pattern$SliceI done
Event: 4.100 Loading class java/lang/Byte$ByteCache
Event: 4.100 Loading class java/lang/Byte$ByteCache done

Classes unloaded (0 events):
No events

Classes redefined (0 events):
No events

Internal exceptions (20 events):
Event: 3.656 Thread 0x000001a366d83be0 Exception <a 'java/lang/NoSuchMethodError'{0x00000000e70f7740}: static Lorg/jetbrains/kotlin/gradle/plugin/internal/DefaultIdeaSyncDetectorVariantFactory;.<clinit>()V> (0x00000000e70f7740) 
thrown [s\open\src\hotspot\share\prims\jni.cpp, line 1104]
Event: 3.657 Thread 0x000001a366d83be0 Exception <a 'java/lang/NoSuchMethodError'{0x00000000e6f16080}: static Lorg/jetbrains/kotlin/gradle/plugin/internal/DefaultKotlinTestReportCompatibilityHelperVariantFactory;.<clinit>()V> (0x00000000e6f16080) 
thrown [s\open\src\hotspot\share\prims\jni.cpp, line 1104]
Event: 3.670 Thread 0x000001a366d83be0 Implicit null exception at 0x000001a355c4dae0 to 0x000001a355c4db50
Event: 3.670 Thread 0x000001a366d83be0 Implicit null exception at 0x000001a355bc84d6 to 0x000001a355bc8bd4
Event: 3.671 Thread 0x000001a366d83be0 Exception <a 'java/lang/NoSuchMethodError'{0x00000000e6e8a780}: 'long java.lang.invoke.DelegatingMethodHandle$Holder.reinvoke_L(java.lang.Object, java.lang.Object)'> (0x00000000e6e8a780) 
thrown [s\open\src\hotspot\share\interpreter\linkResolver.cpp, line 759]
Event: 3.852 Thread 0x000001a366d83be0 Implicit null exception at 0x000001a3559d2352 to 0x000001a3559d2870
Event: 3.900 Thread 0x000001a366d83be0 Implicit null exception at 0x000001a3559de7d2 to 0x000001a3559dece0
Event: 4.074 Thread 0x000001a366d83be0 Exception <a 'java/lang/NoSuchMethodError'{0x00000000ecb9e3d0}: 'java.lang.Object java.lang.invoke.DirectMethodHandle$Holder.newInvokeSpecial(java.lang.Object, java.lang.Object, java.lang.Object, java.lang.Object, java.lang.Object, java.lang.Object, java.lang.Object, java.lang.Object, java.lang.Object, java.lang.Object, java.lang.Object, java.lang.Object, java.lang.Object, java.lang.Object, java.lang.Object, java.lang.Object)'> (0x00000000ecb9e3d0) 
thrown [s\open\src\hotspot\share\interpreter\linkResolver
Event: 4.075 Thread 0x000001a366d83be0 Exception <a 'java/lang/NoSuchMethodError'{0x00000000ecba5450}: 'java.lang.Object java.lang.invoke.DirectMethodHandle$Holder.invokeSpecial(java.lang.Object, java.lang.Object, java.lang.Object, java.lang.Object, java.lang.Object, java.lang.Object, java.lang.Object, java.lang.Object, java.lang.Object, java.lang.Object, java.lang.Object, java.lang.Object, java.lang.Object, java.lang.Object, java.lang.Object, java.lang.Object, java.lang.Object)'> (0x00000000ecba5450) 
thrown [s\open\src\hotspot\share\interpret
Event: 4.178 Thread 0x000001a366d83be0 Exception <a 'java/lang/NoSuchMethodError'{0x00000000ebd8aac0}: 'java.lang.Object java.lang.invoke.DirectMethodHandle$Holder.newInvokeSpecial(java.lang.Object, java.lang.Object, java.lang.Object, java.lang.Object, java.lang.Object, java.lang.Object, java.lang.Object, java.lang.Object, java.lang.Object, java.lang.Object, java.lang.Object, java.lang.Object, java.lang.Object, java.lang.Object, java.lang.Object, java.lang.Object, java.lang.Object, java.lang.Object, java.lang.Object, java.lang.Object, java.lang
Event: 4.178 Thread 0x000001a366d83be0 Exception <a 'java/lang/NoSuchMethodError'{0x00000000ebd92b78}: 'java.lang.Object java.lang.invoke.DirectMethodHandle$Holder.invokeSpecial(java.lang.Object, java.lang.Object, java.lang.Object, java.lang.Object, java.lang.Object, java.lang.Object, java.lang.Object, java.lang.Object, java.lang.Object, java.lang.Object, java.lang.Object, java.lang.Object, java.lang.Object, java.lang.Object, java.lang.Object, java.lang.Object, java.lang.Object, java.lang.Object, java.lang.Object, java.lang.Object, java.lang.Ob
Event: 4.179 Thread 0x000001a366d83be0 Exception <a 'java/lang/NoSuchMethodError'{0x00000000ebd99820}: 'java.lang.Object java.lang.invoke.DelegatingMethodHandle$Holder.reinvoke_L(java.lang.Object, java.lang.Object, java.lang.Object, java.lang.Object, java.lang.Object, java.lang.Object, java.lang.Object, java.lang.Object, java.lang.Object, java.lang.Object, java.lang.Object, java.lang.Object, java.lang.Object, java.lang.Object, java.lang.Object, java.lang.Object, java.lang.Object, java.lang.Object, java.lang.Object, java.lang.Object, java.lang.O
Event: 4.261 Thread 0x000001a366d83be0 Exception <a 'java/lang/ClassNotFoundException'{0x00000000eb03d4c0}: org/gradle/api/internal/plugins/NaggingBasePluginConventionBeanInfo> (0x00000000eb03d4c0) 
thrown [s\open\src\hotspot\share\classfile\systemDictionary.cpp, line 255]
Event: 4.262 Thread 0x000001a366d83be0 Exception <a 'java/lang/ClassNotFoundException'{0x00000000eb059380}: org/gradle/api/plugins/BasePluginConventionBeanInfo> (0x00000000eb059380) 
thrown [s\open\src\hotspot\share\classfile\systemDictionary.cpp, line 255]
Event: 4.262 Thread 0x000001a366d83be0 Exception <a 'java/lang/ClassNotFoundException'{0x00000000eb0754b0}: org/gradle/api/plugins/BasePluginConventionCustomizer> (0x00000000eb0754b0) 
thrown [s\open\src\hotspot\share\classfile\systemDictionary.cpp, line 255]
Event: 4.263 Thread 0x000001a366d83be0 Exception <a 'java/lang/ClassNotFoundException'{0x00000000eb09c0f0}: org/gradle/api/internal/plugins/NaggingBasePluginConventionCustomizer> (0x00000000eb09c0f0) 
thrown [s\open\src\hotspot\share\classfile\systemDictionary.cpp, line 255]
Event: 4.264 Thread 0x000001a366d83be0 Exception <a 'java/lang/ClassNotFoundException'{0x00000000eb0ea630}: org/gradle/api/plugins/internal/NaggingJavaPluginConventionBeanInfo> (0x00000000eb0ea630) 
thrown [s\open\src\hotspot\share\classfile\systemDictionary.cpp, line 255]
Event: 4.264 Thread 0x000001a366d83be0 Exception <a 'java/lang/ClassNotFoundException'{0x00000000eaf06aa8}: org/gradle/api/plugins/JavaPluginConventionBeanInfo> (0x00000000eaf06aa8) 
thrown [s\open\src\hotspot\share\classfile\systemDictionary.cpp, line 255]
Event: 4.265 Thread 0x000001a366d83be0 Exception <a 'java/lang/ClassNotFoundException'{0x00000000eaf22bd0}: org/gradle/api/plugins/JavaPluginConventionCustomizer> (0x00000000eaf22bd0) 
thrown [s\open\src\hotspot\share\classfile\systemDictionary.cpp, line 255]
Event: 4.265 Thread 0x000001a366d83be0 Exception <a 'java/lang/ClassNotFoundException'{0x00000000eaf53230}: org/gradle/api/plugins/internal/NaggingJavaPluginConventionCustomizer> (0x00000000eaf53230) 
thrown [s\open\src\hotspot\share\classfile\systemDictionary.cpp, line 255]

VM Operations (20 events):
Event: 3.344 Executing VM operation: HandshakeAllThreads
Event: 3.344 Executing VM operation: HandshakeAllThreads done
Event: 3.353 Executing VM operation: HandshakeAllThreads
Event: 3.353 Executing VM operation: HandshakeAllThreads done
Event: 3.367 Executing VM operation: HandshakeAllThreads
Event: 3.367 Executing VM operation: HandshakeAllThreads done
Event: 3.434 Executing VM operation: ICBufferFull
Event: 3.434 Executing VM operation: ICBufferFull done
Event: 3.664 Executing VM operation: HandshakeAllThreads
Event: 3.664 Executing VM operation: HandshakeAllThreads done
Event: 3.676 Executing VM operation: G1CollectForAllocation
Event: 3.683 Executing VM operation: G1CollectForAllocation done
Event: 3.700 Executing VM operation: HandshakeAllThreads
Event: 3.700 Executing VM operation: HandshakeAllThreads done
Event: 3.707 Executing VM operation: HandshakeAllThreads
Event: 3.707 Executing VM operation: HandshakeAllThreads done
Event: 4.081 Executing VM operation: ICBufferFull
Event: 4.081 Executing VM operation: ICBufferFull done
Event: 4.302 Executing VM operation: CollectForMetadataAllocation
Event: 4.309 Executing VM operation: CollectForMetadataAllocation done

Events (20 events):
Event: 3.371 Thread 0x000001a360ed8ba0 flushing nmethod 0x000001a34ec97990
Event: 3.371 Thread 0x000001a360ed8ba0 flushing nmethod 0x000001a34ecae390
Event: 3.371 Thread 0x000001a360ed8ba0 flushing nmethod 0x000001a34ed12910
Event: 3.371 Thread 0x000001a360ed8ba0 flushing nmethod 0x000001a34ed96c10
Event: 3.371 Thread 0x000001a360ed8ba0 flushing nmethod 0x000001a34ed9bb10
Event: 3.371 Thread 0x000001a360ed8ba0 flushing nmethod 0x000001a34edde290
Event: 3.371 Thread 0x000001a360ed8ba0 flushing nmethod 0x000001a34ede5e10
Event: 3.371 Thread 0x000001a360ed8ba0 flushing nmethod 0x000001a34ede6210
Event: 3.371 Thread 0x000001a360ed8ba0 flushing nmethod 0x000001a34ede8190
Event: 3.371 Thread 0x000001a360ed8ba0 flushing nmethod 0x000001a34ede8b90
Event: 3.433 Thread 0x000001a367674a20 Thread added: 0x000001a367674a20
Event: 3.433 Thread 0x000001a3676788b0 Thread added: 0x000001a3676788b0
Event: 3.433 Thread 0x000001a36767a590 Thread added: 0x000001a36767a590
Event: 3.434 Thread 0x000001a367676230 Thread added: 0x000001a367676230
Event: 3.434 Thread 0x000001a367677f10 Thread added: 0x000001a367677f10
Event: 3.434 Thread 0x000001a3676770a0 Thread added: 0x000001a3676770a0
Event: 3.434 Thread 0x000001a3676783e0 Thread added: 0x000001a3676783e0
Event: 3.583 Thread 0x000001a36767aa60 Thread added: 0x000001a36767aa60
Event: 3.892 Thread 0x000001a3675448d0 Thread exited: 0x000001a3675448d0
Event: 4.098 Thread 0x000001a367679bf0 Thread added: 0x000001a367679bf0


Dynamic libraries:
0x00007ff7e70f0000 - 0x00007ff7e70fe000 	C:\Users\tkpc0\.jdks\openjdk-18.0.2\bin\java.exe
0x00007ffc6fd30000 - 0x00007ffc6ff28000 	C:\WINDOWS\SYSTEM32\ntdll.dll
0x00007ffc6e770000 - 0x00007ffc6e82f000 	C:\WINDOWS\System32\KERNEL32.DLL
0x00007ffc6d8b0000 - 0x00007ffc6db82000 	C:\WINDOWS\System32\KERNELBASE.dll
0x00007ffc6dc70000 - 0x00007ffc6dd70000 	C:\WINDOWS\System32\ucrtbase.dll
0x00007ffc65450000 - 0x00007ffc6546a000 	C:\Users\tkpc0\.jdks\openjdk-18.0.2\bin\VCRUNTIME140.dll
0x00007ffc65430000 - 0x00007ffc65447000 	C:\Users\tkpc0\.jdks\openjdk-18.0.2\bin\jli.dll
0x00007ffc6f100000 - 0x00007ffc6f2a1000 	C:\WINDOWS\System32\USER32.dll
0x00007ffc6dc40000 - 0x00007ffc6dc62000 	C:\WINDOWS\System32\win32u.dll
0x00007ffc6e940000 - 0x00007ffc6e96b000 	C:\WINDOWS\System32\GDI32.dll
0x00007ffc6c820000 - 0x00007ffc6caba000 	C:\WINDOWS\WinSxS\amd64_microsoft.windows.common-controls_6595b64144ccf1df_6.0.19041.1110_none_60b5254171f9507e\COMCTL32.dll
0x00007ffc6d7a0000 - 0x00007ffc6d8af000 	C:\WINDOWS\System32\gdi32full.dll
0x00007ffc6dd70000 - 0x00007ffc6de0e000 	C:\WINDOWS\System32\msvcrt.dll
0x00007ffc6d670000 - 0x00007ffc6d70d000 	C:\WINDOWS\System32\msvcp_win.dll
0x00007ffc6fcb0000 - 0x00007ffc6fce2000 	C:\WINDOWS\System32\IMM32.DLL
0x00007ffc65420000 - 0x00007ffc6542c000 	C:\Users\tkpc0\.jdks\openjdk-18.0.2\bin\vcruntime140_1.dll
0x00007ffc41030000 - 0x00007ffc410bd000 	C:\Users\tkpc0\.jdks\openjdk-18.0.2\bin\msvcp140.dll
0x00007ffc168d0000 - 0x00007ffc174e1000 	C:\Users\tkpc0\.jdks\openjdk-18.0.2\bin\server\jvm.dll
0x00007ffc6f040000 - 0x00007ffc6f0ee000 	C:\WINDOWS\System32\ADVAPI32.dll
0x00007ffc6e8a0000 - 0x00007ffc6e93c000 	C:\WINDOWS\System32\sechost.dll
0x00007ffc6ea00000 - 0x00007ffc6eb25000 	C:\WINDOWS\System32\RPCRT4.dll
0x00007ffc6e890000 - 0x00007ffc6e898000 	C:\WINDOWS\System32\PSAPI.DLL
0x00007ffc4d080000 - 0x00007ffc4d089000 	C:\WINDOWS\SYSTEM32\WSOCK32.dll
0x00007ffc6a130000 - 0x00007ffc6a13a000 	C:\WINDOWS\SYSTEM32\VERSION.dll
0x00007ffc61a50000 - 0x00007ffc61a77000 	C:\WINDOWS\SYSTEM32\WINMM.dll
0x00007ffc6f2b0000 - 0x00007ffc6f31b000 	C:\WINDOWS\System32\WS2_32.dll
0x00007ffc6a5c0000 - 0x00007ffc6a5d2000 	C:\WINDOWS\SYSTEM32\kernel.appcore.dll
0x00007ffc65410000 - 0x00007ffc6541a000 	C:\Users\tkpc0\.jdks\openjdk-18.0.2\bin\jimage.dll
0x00007ffc6ce50000 - 0x00007ffc6d034000 	C:\WINDOWS\SYSTEM32\DBGHELP.DLL
0x00007ffc6cd90000 - 0x00007ffc6cdc5000 	C:\WINDOWS\SYSTEM32\dbgcore.DLL
0x00007ffc6d710000 - 0x00007ffc6d792000 	C:\WINDOWS\System32\bcryptPrimitives.dll
0x00007ffc65400000 - 0x00007ffc6540e000 	C:\Users\tkpc0\.jdks\openjdk-18.0.2\bin\instrument.dll
0x00007ffc40bb0000 - 0x00007ffc40bd5000 	C:\Users\tkpc0\.jdks\openjdk-18.0.2\bin\java.dll
0x00007ffc1e090000 - 0x00007ffc1e166000 	C:\Users\tkpc0\.jdks\openjdk-18.0.2\bin\jsvml.dll
0x00007ffc6de10000 - 0x00007ffc6e554000 	C:\WINDOWS\System32\SHELL32.dll
0x00007ffc6ae50000 - 0x00007ffc6b5e2000 	C:\WINDOWS\SYSTEM32\windows.storage.dll
0x00007ffc6eb30000 - 0x00007ffc6ee85000 	C:\WINDOWS\System32\combase.dll
0x00007ffc6c6d0000 - 0x00007ffc6c700000 	C:\WINDOWS\SYSTEM32\Wldp.dll
0x00007ffc6f8c0000 - 0x00007ffc6f96d000 	C:\WINDOWS\System32\SHCORE.dll
0x00007ffc6fbd0000 - 0x00007ffc6fc25000 	C:\WINDOWS\System32\shlwapi.dll
0x00007ffc6d360000 - 0x00007ffc6d37f000 	C:\WINDOWS\SYSTEM32\profapi.dll
0x00007ffc41010000 - 0x00007ffc41028000 	C:\Users\tkpc0\.jdks\openjdk-18.0.2\bin\zip.dll
0x00007ffc38840000 - 0x00007ffc38853000 	C:\Users\tkpc0\.jdks\openjdk-18.0.2\bin\net.dll
0x00007ffc65680000 - 0x00007ffc6578c000 	C:\WINDOWS\SYSTEM32\WINHTTP.dll
0x00007ffc6c470000 - 0x00007ffc6c4da000 	C:\WINDOWS\system32\mswsock.dll
0x00007ffc386a0000 - 0x00007ffc386b6000 	C:\Users\tkpc0\.jdks\openjdk-18.0.2\bin\nio.dll
0x00007ffc4d140000 - 0x00007ffc4d150000 	C:\Users\tkpc0\.jdks\openjdk-18.0.2\bin\verify.dll
0x00007ffc44a90000 - 0x00007ffc44ab7000 	C:\Users\tkpc0\.gradle\native\c067742578af261105cb4f569cf0c3c89f3d7b1fecec35dd04571415982c5e48\windows-amd64\native-platform.dll
0x00007ffc1dc40000 - 0x00007ffc1dd84000 	C:\Users\tkpc0\.gradle\native\38dada09dfb8b06ba9b0570ebf7e218e3eb74d4ef43ca46872605cf95ebc2f47\windows-amd64\native-platform-file-events.dll
0x00007ffc44a20000 - 0x00007ffc44a29000 	C:\Users\tkpc0\.jdks\openjdk-18.0.2\bin\management.dll
0x00007ffc41760000 - 0x00007ffc4176b000 	C:\Users\tkpc0\.jdks\openjdk-18.0.2\bin\management_ext.dll
0x00007ffc6d1b0000 - 0x00007ffc6d1c8000 	C:\WINDOWS\SYSTEM32\CRYPTSP.dll
0x00007ffc6be20000 - 0x00007ffc6be54000 	C:\WINDOWS\system32\rsaenh.dll
0x00007ffc6d640000 - 0x00007ffc6d667000 	C:\WINDOWS\System32\bcrypt.dll
0x00007ffc6d2e0000 - 0x00007ffc6d30e000 	C:\WINDOWS\SYSTEM32\USERENV.dll
0x00007ffc6c690000 - 0x00007ffc6c69c000 	C:\WINDOWS\SYSTEM32\CRYPTBASE.dll
0x00007ffc6c190000 - 0x00007ffc6c1cb000 	C:\WINDOWS\SYSTEM32\IPHLPAPI.DLL
0x00007ffc6f0f0000 - 0x00007ffc6f0f8000 	C:\WINDOWS\System32\NSI.dll
0x00007ffc65b50000 - 0x00007ffc65b67000 	C:\WINDOWS\SYSTEM32\dhcpcsvc6.DLL
0x00007ffc65f20000 - 0x00007ffc65f3d000 	C:\WINDOWS\SYSTEM32\dhcpcsvc.DLL
0x00007ffc6c1d0000 - 0x00007ffc6c29a000 	C:\WINDOWS\SYSTEM32\DNSAPI.dll

dbghelp: loaded successfully - version: 4.0.5 - missing functions: none
symbol engine: initialized successfully - sym options: 0x614 - pdb path: .;C:\Users\tkpc0\.jdks\openjdk-18.0.2\bin;C:\WINDOWS\SYSTEM32;C:\WINDOWS\WinSxS\amd64_microsoft.windows.common-controls_6595b64144ccf1df_6.0.19041.1110_none_60b5254171f9507e;C:\Users\tkpc0\.jdks\openjdk-18.0.2\bin\server;C:\Users\tkpc0\.gradle\native\c067742578af261105cb4f569cf0c3c89f3d7b1fecec35dd04571415982c5e48\windows-amd64;C:\Users\tkpc0\.gradle\native\38dada09dfb8b06ba9b0570ebf7e218e3eb74d4ef43ca46872605cf95ebc2f47\windows-amd64

VM Arguments:
jvm_args: --add-opens=java.base/java.util=ALL-UNNAMED --add-opens=java.base/java.lang=ALL-UNNAMED --add-opens=java.base/java.lang.invoke=ALL-UNNAMED --add-opens=java.prefs/java.util.prefs=ALL-UNNAMED --add-opens=java.base/java.nio.charset=ALL-UNNAMED --add-opens=java.base/java.net=ALL-UNNAMED --add-opens=java.base/java.util.concurrent.atomic=ALL-UNNAMED -XX:MaxMetaspaceSize=384m -XX:+HeapDumpOnOutOfMemoryError -Xms256m -Xmx512m -Dfile.encoding=UTF-8 -Duser.country=US -Duser.language=en -Duser.variant -javaagent:C:\Users\tkpc0\.gradle\wrapper\dists\gradle-8.4-bin\1w5dpkrfk8irigvoxmyhowfim\gradle-8.4\lib\agents\gradle-instrumentation-agent-8.4.jar 
java_command: org.gradle.launcher.daemon.bootstrap.GradleDaemon 8.4
java_class_path (initial): C:\Users\tkpc0\.gradle\wrapper\dists\gradle-8.4-bin\1w5dpkrfk8irigvoxmyhowfim\gradle-8.4\lib\gradle-launcher-8.4.jar
Launcher Type: SUN_STANDARD

[Global flags]
     intx CICompilerCount                          = 4                                         {product} {ergonomic}
   size_t CompressedClassSpaceSize                 = 322961408                                 {product} {ergonomic}
     uint ConcGCThreads                            = 2                                         {product} {ergonomic}
     uint G1ConcRefinementThreads                  = 8                                         {product} {ergonomic}
   size_t G1HeapRegionSize                         = 1048576                                   {product} {ergonomic}
    uintx GCDrainStackTargetSize                   = 64                                        {product} {ergonomic}
     bool HeapDumpOnOutOfMemoryError               = true                                   {manageable} {command line}
   size_t InitialHeapSize                          = 268435456                                 {product} {command line}
   size_t MarkStackSize                            = 4194304                                   {product} {ergonomic}
   size_t MaxHeapSize                              = 536870912                                 {product} {command line}
   size_t MaxMetaspaceSize                         = 402653184                                 {product} {command line}
   size_t MaxNewSize                               = 321912832                                 {product} {ergonomic}
   size_t MinHeapDeltaBytes                        = 1048576                                   {product} {ergonomic}
   size_t MinHeapSize                              = 268435456                                 {product} {command line}
    uintx NonNMethodCodeHeapSize                   = 5839372                                {pd product} {ergonomic}
    uintx NonProfiledCodeHeapSize                  = 122909434                              {pd product} {ergonomic}
    uintx ProfiledCodeHeapSize                     = 122909434                              {pd product} {ergonomic}
    uintx ReservedCodeCacheSize                    = 251658240                              {pd product} {ergonomic}
     bool SegmentedCodeCache                       = true                                      {product} {ergonomic}
   size_t SoftMaxHeapSize                          = 536870912                              {manageable} {ergonomic}
     bool UseCompressedClassPointers               = true                           {product lp64_product} {ergonomic}
     bool UseCompressedOops                        = true                           {product lp64_product} {ergonomic}
     bool UseG1GC                                  = true                                      {product} {ergonomic}
     bool UseLargePagesIndividualAllocation        = false                                  {pd product} {ergonomic}

Logging:
Log output configuration:
 #0: stdout all=warning uptime,level,tags foldmultilines=false
 #1: stderr all=off uptime,level,tags foldmultilines=false

Environment Variables:
JAVA_HOME=C:\data\tools\jdk-21.0.8
PATH=C:\Python313\Scripts\;C:\Python313\;C:\WINDOWS\system32;C:\WINDOWS;C:\WINDOWS\System32\Wbem;C:\WINDOWS\System32\WindowsPowerShell\v1.0\;C:\WINDOWS\System32\OpenSSH\;C:\Program Files\Git\cmd;C:\Program Files\dotnet\;C:\data\dev\node\;C:\ProgramData\chocolatey\bin;C:\Program Files\Docker\Docker\resources\bin;C:\Users\tkpc0\AppData\Local\Microsoft\WindowsApps;C:\Users\tkpc0\AppData\Roaming\npm;C:\data\tools\Microsoft VS Code\bin
USERNAME=Pacco
OS=Windows_NT
PROCESSOR_IDENTIFIER=Intel64 Family 6 Model 158 Stepping 13, GenuineIntel



---------------  S Y S T E M  ---------------

OS:
 Windows 10 , 64 bit Build 19041 (10.0.19041.2364)
OS uptime: 2 days 9:55 hours
Hyper-V role detected

CPU: total 8 (initial active 8) (8 cores per cpu, 1 threads per core) family 6 model 158 stepping 13 microcode 0xb8, cx8, cmov, fxsr, mmx, 3dnowpref, sse, sse2, sse3, ssse3, sse4.1, sse4.2, popcnt, lzcnt, tsc, tscinvbit, avx, avx2, aes, erms, clmul, bmi1, bmi2, rtm, adx, fma, vzeroupper, clflush, clflushopt, hv

Memory: 4k page, system-wide physical 32687M (21809M free)
TotalPageFile size 37551M (AvailPageFile size 24610M)
current process WorkingSet (physical memory assigned to process): 408M, peak: 408M
current process commit charge ("private bytes"): 493M, peak: 493M

vm_info: OpenJDK 64-Bit Server VM (18.0.2+9-61) for windows-amd64 JRE (18.0.2+9-61), built on Jun  7 2022 13:05:59 by "mach5one" with MS VC++ 16.8 / 16.9 (VS2019)

END.
